20-Apr-2023 01:14:18.113 INFO [Catalina-utility-2] org.apache.catalina.core.StandardContext.reload Reloading Context with name [/backend] has started
20-Apr-2023 01:14:21.228 INFO [Catalina-utility-2] org.apache.jasper.servlet.TldScanner.scanJars At least one JAR was scanned for TLDs yet contained no TLDs. Enable debug logging for this logger for a complete list of JARs that were scanned but no TLDs were found in them. Skipping unneeded JARs during scanning can improve startup time and JSP compilation time.
20-Apr-2023 01:14:21.248 INFO [Catalina-utility-2] org.apache.catalina.core.StandardContext.reload Reloading Context with name [/backend] is completed
20-Apr-2023 01:14:40.704 INFO [Thread-1] org.apache.coyote.AbstractProtocol.pause Pausing ProtocolHandler ["http-nio-9999"]
20-Apr-2023 01:14:40.716 INFO [Thread-1] org.apache.catalina.core.StandardService.stopInternal Stopping service [Catalina]
20-Apr-2023 01:14:40.811 INFO [Thread-1] org.apache.coyote.AbstractProtocol.stop Stopping ProtocolHandler ["http-nio-9999"]
20-Apr-2023 01:14:40.952 INFO [Thread-1] org.apache.coyote.AbstractProtocol.destroy Destroying ProtocolHandler ["http-nio-9999"]
20-Apr-2023 01:14:43.167 INFO [main] org.apache.catalina.startup.VersionLoggerListener.log Server version name:   Apache Tomcat/10.1.7
20-Apr-2023 01:14:43.172 INFO [main] org.apache.catalina.startup.VersionLoggerListener.log Server built:          Feb 27 2023 20:25:27 UTC
20-Apr-2023 01:14:43.172 INFO [main] org.apache.catalina.startup.VersionLoggerListener.log Server version number: 10.1.7.0
20-Apr-2023 01:14:43.173 INFO [main] org.apache.catalina.startup.VersionLoggerListener.log OS Name:               Mac OS X
20-Apr-2023 01:14:43.173 INFO [main] org.apache.catalina.startup.VersionLoggerListener.log OS Version:            13.2.1
20-Apr-2023 01:14:43.173 INFO [main] org.apache.catalina.startup.VersionLoggerListener.log Architecture:          x86_64
20-Apr-2023 01:14:43.173 INFO [main] org.apache.catalina.startup.VersionLoggerListener.log Java Home:             /Library/Java/JavaVirtualMachines/jdk-20.jdk/Contents/Home
20-Apr-2023 01:14:43.173 INFO [main] org.apache.catalina.startup.VersionLoggerListener.log JVM Version:           20+36-2344
20-Apr-2023 01:14:43.173 INFO [main] org.apache.catalina.startup.VersionLoggerListener.log JVM Vendor:            Oracle Corporation
20-Apr-2023 01:14:43.173 INFO [main] org.apache.catalina.startup.VersionLoggerListener.log CATALINA_BASE:         /Users/macintosh/Desktop/Y2S2/IM2073/SQUIRREL/app/tomcat
20-Apr-2023 01:14:43.173 INFO [main] org.apache.catalina.startup.VersionLoggerListener.log CATALINA_HOME:         /Users/macintosh/Desktop/Y2S2/IM2073/SQUIRREL/app/tomcat
20-Apr-2023 01:14:43.195 INFO [main] org.apache.catalina.startup.VersionLoggerListener.log Command line argument: -Djava.util.logging.config.file=/Users/macintosh/Desktop/Y2S2/im2073/SQUIRREL/app/tomcat/conf/logging.properties
20-Apr-2023 01:14:43.195 INFO [main] org.apache.catalina.startup.VersionLoggerListener.log Command line argument: -Djava.util.logging.manager=org.apache.juli.ClassLoaderLogManager
20-Apr-2023 01:14:43.195 INFO [main] org.apache.catalina.startup.VersionLoggerListener.log Command line argument: -Djdk.tls.ephemeralDHKeySize=2048
20-Apr-2023 01:14:43.195 INFO [main] org.apache.catalina.startup.VersionLoggerListener.log Command line argument: -Djava.protocol.handler.pkgs=org.apache.catalina.webresources
20-Apr-2023 01:14:43.196 INFO [main] org.apache.catalina.startup.VersionLoggerListener.log Command line argument: -Dorg.apache.catalina.security.SecurityListener.UMASK=0027
20-Apr-2023 01:14:43.196 INFO [main] org.apache.catalina.startup.VersionLoggerListener.log Command line argument: --add-opens=java.base/java.lang=ALL-UNNAMED
20-Apr-2023 01:14:43.196 INFO [main] org.apache.catalina.startup.VersionLoggerListener.log Command line argument: --add-opens=java.base/java.io=ALL-UNNAMED
20-Apr-2023 01:14:43.196 INFO [main] org.apache.catalina.startup.VersionLoggerListener.log Command line argument: --add-opens=java.base/java.util=ALL-UNNAMED
20-Apr-2023 01:14:43.196 INFO [main] org.apache.catalina.startup.VersionLoggerListener.log Command line argument: --add-opens=java.base/java.util.concurrent=ALL-UNNAMED
20-Apr-2023 01:14:43.196 INFO [main] org.apache.catalina.startup.VersionLoggerListener.log Command line argument: --add-opens=java.rmi/sun.rmi.transport=ALL-UNNAMED
20-Apr-2023 01:14:43.196 INFO [main] org.apache.catalina.startup.VersionLoggerListener.log Command line argument: -Dcatalina.base=/Users/macintosh/Desktop/Y2S2/im2073/SQUIRREL/app/tomcat
20-Apr-2023 01:14:43.196 INFO [main] org.apache.catalina.startup.VersionLoggerListener.log Command line argument: -Dcatalina.home=/Users/macintosh/Desktop/Y2S2/im2073/SQUIRREL/app/tomcat
20-Apr-2023 01:14:43.197 INFO [main] org.apache.catalina.startup.VersionLoggerListener.log Command line argument: -Djava.io.tmpdir=/Users/macintosh/Desktop/Y2S2/im2073/SQUIRREL/app/tomcat/temp
20-Apr-2023 01:14:43.213 INFO [main] org.apache.catalina.core.AprLifecycleListener.lifecycleEvent The Apache Tomcat Native library which allows using OpenSSL was not found on the java.library.path: [/Users/macintosh/Library/Java/Extensions:/Library/Java/Extensions:/Network/Library/Java/Extensions:/System/Library/Java/Extensions:/usr/lib/java:.]
20-Apr-2023 01:14:43.644 INFO [main] org.apache.coyote.AbstractProtocol.init Initializing ProtocolHandler ["http-nio-9999"]
20-Apr-2023 01:14:43.687 INFO [main] org.apache.catalina.startup.Catalina.load Server initialization in [776] milliseconds
20-Apr-2023 01:14:43.736 INFO [main] org.apache.catalina.core.StandardService.startInternal Starting service [Catalina]
20-Apr-2023 01:14:43.736 INFO [main] org.apache.catalina.core.StandardEngine.startInternal Starting Servlet engine: [Apache Tomcat/10.1.7]
20-Apr-2023 01:14:43.747 INFO [main] org.apache.catalina.startup.HostConfig.deployDirectory Deploying web application directory [/Users/macintosh/Desktop/Y2S2/IM2073/SQUIRREL/app/tomcat/webapps/test]
20-Apr-2023 01:14:44.589 INFO [main] org.apache.jasper.servlet.TldScanner.scanJars At least one JAR was scanned for TLDs yet contained no TLDs. Enable debug logging for this logger for a complete list of JARs that were scanned but no TLDs were found in them. Skipping unneeded JARs during scanning can improve startup time and JSP compilation time.
20-Apr-2023 01:14:44.643 INFO [main] org.apache.catalina.startup.HostConfig.deployDirectory Deployment of web application directory [/Users/macintosh/Desktop/Y2S2/IM2073/SQUIRREL/app/tomcat/webapps/test] has finished in [895] ms
20-Apr-2023 01:14:44.643 INFO [main] org.apache.catalina.startup.HostConfig.deployDirectory Deploying web application directory [/Users/macintosh/Desktop/Y2S2/IM2073/SQUIRREL/app/tomcat/webapps/backend]
20-Apr-2023 01:14:45.007 INFO [main] org.apache.jasper.servlet.TldScanner.scanJars At least one JAR was scanned for TLDs yet contained no TLDs. Enable debug logging for this logger for a complete list of JARs that were scanned but no TLDs were found in them. Skipping unneeded JARs during scanning can improve startup time and JSP compilation time.
20-Apr-2023 01:14:45.009 INFO [main] org.apache.catalina.startup.HostConfig.deployDirectory Deployment of web application directory [/Users/macintosh/Desktop/Y2S2/IM2073/SQUIRREL/app/tomcat/webapps/backend] has finished in [366] ms
20-Apr-2023 01:14:45.009 INFO [main] org.apache.catalina.startup.HostConfig.deployDirectory Deploying web application directory [/Users/macintosh/Desktop/Y2S2/IM2073/SQUIRREL/app/tomcat/webapps/docs]
20-Apr-2023 01:14:45.313 INFO [main] org.apache.jasper.servlet.TldScanner.scanJars At least one JAR was scanned for TLDs yet contained no TLDs. Enable debug logging for this logger for a complete list of JARs that were scanned but no TLDs were found in them. Skipping unneeded JARs during scanning can improve startup time and JSP compilation time.
20-Apr-2023 01:14:45.314 INFO [main] org.apache.catalina.startup.HostConfig.deployDirectory Deployment of web application directory [/Users/macintosh/Desktop/Y2S2/IM2073/SQUIRREL/app/tomcat/webapps/docs] has finished in [305] ms
20-Apr-2023 01:14:45.315 INFO [main] org.apache.catalina.startup.HostConfig.deployDirectory Deploying web application directory [/Users/macintosh/Desktop/Y2S2/IM2073/SQUIRREL/app/tomcat/webapps/manager]
20-Apr-2023 01:14:45.620 INFO [main] org.apache.jasper.servlet.TldScanner.scanJars At least one JAR was scanned for TLDs yet contained no TLDs. Enable debug logging for this logger for a complete list of JARs that were scanned but no TLDs were found in them. Skipping unneeded JARs during scanning can improve startup time and JSP compilation time.
20-Apr-2023 01:14:45.627 INFO [main] org.apache.catalina.startup.HostConfig.deployDirectory Deployment of web application directory [/Users/macintosh/Desktop/Y2S2/IM2073/SQUIRREL/app/tomcat/webapps/manager] has finished in [312] ms
20-Apr-2023 01:14:45.627 INFO [main] org.apache.catalina.startup.HostConfig.deployDirectory Deploying web application directory [/Users/macintosh/Desktop/Y2S2/IM2073/SQUIRREL/app/tomcat/webapps/examples]
20-Apr-2023 01:14:46.067 INFO [main] org.apache.jasper.servlet.TldScanner.scanJars At least one JAR was scanned for TLDs yet contained no TLDs. Enable debug logging for this logger for a complete list of JARs that were scanned but no TLDs were found in them. Skipping unneeded JARs during scanning can improve startup time and JSP compilation time.
20-Apr-2023 01:14:46.083 INFO [main] org.apache.catalina.startup.HostConfig.deployDirectory Deployment of web application directory [/Users/macintosh/Desktop/Y2S2/IM2073/SQUIRREL/app/tomcat/webapps/examples] has finished in [456] ms
20-Apr-2023 01:14:46.083 INFO [main] org.apache.catalina.startup.HostConfig.deployDirectory Deploying web application directory [/Users/macintosh/Desktop/Y2S2/IM2073/SQUIRREL/app/tomcat/webapps/ROOT]
20-Apr-2023 01:14:46.368 INFO [main] org.apache.jasper.servlet.TldScanner.scanJars At least one JAR was scanned for TLDs yet contained no TLDs. Enable debug logging for this logger for a complete list of JARs that were scanned but no TLDs were found in them. Skipping unneeded JARs during scanning can improve startup time and JSP compilation time.
20-Apr-2023 01:14:46.369 INFO [main] org.apache.catalina.startup.HostConfig.deployDirectory Deployment of web application directory [/Users/macintosh/Desktop/Y2S2/IM2073/SQUIRREL/app/tomcat/webapps/ROOT] has finished in [286] ms
20-Apr-2023 01:14:46.370 INFO [main] org.apache.catalina.startup.HostConfig.deployDirectory Deploying web application directory [/Users/macintosh/Desktop/Y2S2/IM2073/SQUIRREL/app/tomcat/webapps/host-manager]
20-Apr-2023 01:14:46.662 INFO [main] org.apache.jasper.servlet.TldScanner.scanJars At least one JAR was scanned for TLDs yet contained no TLDs. Enable debug logging for this logger for a complete list of JARs that were scanned but no TLDs were found in them. Skipping unneeded JARs during scanning can improve startup time and JSP compilation time.
20-Apr-2023 01:14:46.664 INFO [main] org.apache.catalina.startup.HostConfig.deployDirectory Deployment of web application directory [/Users/macintosh/Desktop/Y2S2/IM2073/SQUIRREL/app/tomcat/webapps/host-manager] has finished in [294] ms
20-Apr-2023 01:14:46.666 INFO [main] org.apache.coyote.AbstractProtocol.start Starting ProtocolHandler ["http-nio-9999"]
20-Apr-2023 01:14:46.679 INFO [main] org.apache.catalina.startup.Catalina.start Server startup in [2990] milliseconds
