13-Apr-2023 17:33:10.823 INFO [main] org.apache.catalina.startup.VersionLoggerListener.log Server version name:   Apache Tomcat/10.1.7
13-Apr-2023 17:33:10.830 INFO [main] org.apache.catalina.startup.VersionLoggerListener.log Server built:          Feb 27 2023 20:25:27 UTC
13-Apr-2023 17:33:10.830 INFO [main] org.apache.catalina.startup.VersionLoggerListener.log Server version number: 10.1.7.0
13-Apr-2023 17:33:10.831 INFO [main] org.apache.catalina.startup.VersionLoggerListener.log OS Name:               Mac OS X
13-Apr-2023 17:33:10.831 INFO [main] org.apache.catalina.startup.VersionLoggerListener.log OS Version:            13.2.1
13-Apr-2023 17:33:10.831 INFO [main] org.apache.catalina.startup.VersionLoggerListener.log Architecture:          x86_64
13-Apr-2023 17:33:10.831 INFO [main] org.apache.catalina.startup.VersionLoggerListener.log Java Home:             /Library/Java/JavaVirtualMachines/jdk-20.jdk/Contents/Home
13-Apr-2023 17:33:10.831 INFO [main] org.apache.catalina.startup.VersionLoggerListener.log JVM Version:           20+36-2344
13-Apr-2023 17:33:10.831 INFO [main] org.apache.catalina.startup.VersionLoggerListener.log JVM Vendor:            Oracle Corporation
13-Apr-2023 17:33:10.831 INFO [main] org.apache.catalina.startup.VersionLoggerListener.log CATALINA_BASE:         /Users/macintosh/Desktop/Y2S2/IM2073/SQUIRREL/app/tomcat
13-Apr-2023 17:33:10.832 INFO [main] org.apache.catalina.startup.VersionLoggerListener.log CATALINA_HOME:         /Users/macintosh/Desktop/Y2S2/IM2073/SQUIRREL/app/tomcat
13-Apr-2023 17:33:10.901 INFO [main] org.apache.catalina.startup.VersionLoggerListener.log Command line argument: -Djava.util.logging.config.file=/Users/macintosh/Desktop/Y2s2/IM2073/SQUIRREL/app/tomcat/conf/logging.properties
13-Apr-2023 17:33:10.901 INFO [main] org.apache.catalina.startup.VersionLoggerListener.log Command line argument: -Djava.util.logging.manager=org.apache.juli.ClassLoaderLogManager
13-Apr-2023 17:33:10.901 INFO [main] org.apache.catalina.startup.VersionLoggerListener.log Command line argument: -Djdk.tls.ephemeralDHKeySize=2048
13-Apr-2023 17:33:10.902 INFO [main] org.apache.catalina.startup.VersionLoggerListener.log Command line argument: -Djava.protocol.handler.pkgs=org.apache.catalina.webresources
13-Apr-2023 17:33:10.902 INFO [main] org.apache.catalina.startup.VersionLoggerListener.log Command line argument: -Dorg.apache.catalina.security.SecurityListener.UMASK=0027
13-Apr-2023 17:33:10.902 INFO [main] org.apache.catalina.startup.VersionLoggerListener.log Command line argument: --add-opens=java.base/java.lang=ALL-UNNAMED
13-Apr-2023 17:33:10.902 INFO [main] org.apache.catalina.startup.VersionLoggerListener.log Command line argument: --add-opens=java.base/java.io=ALL-UNNAMED
13-Apr-2023 17:33:10.902 INFO [main] org.apache.catalina.startup.VersionLoggerListener.log Command line argument: --add-opens=java.base/java.util=ALL-UNNAMED
13-Apr-2023 17:33:10.902 INFO [main] org.apache.catalina.startup.VersionLoggerListener.log Command line argument: --add-opens=java.base/java.util.concurrent=ALL-UNNAMED
13-Apr-2023 17:33:10.903 INFO [main] org.apache.catalina.startup.VersionLoggerListener.log Command line argument: --add-opens=java.rmi/sun.rmi.transport=ALL-UNNAMED
13-Apr-2023 17:33:10.903 INFO [main] org.apache.catalina.startup.VersionLoggerListener.log Command line argument: -Dcatalina.base=/Users/macintosh/Desktop/Y2s2/IM2073/SQUIRREL/app/tomcat
13-Apr-2023 17:33:10.903 INFO [main] org.apache.catalina.startup.VersionLoggerListener.log Command line argument: -Dcatalina.home=/Users/macintosh/Desktop/Y2s2/IM2073/SQUIRREL/app/tomcat
13-Apr-2023 17:33:10.903 INFO [main] org.apache.catalina.startup.VersionLoggerListener.log Command line argument: -Djava.io.tmpdir=/Users/macintosh/Desktop/Y2s2/IM2073/SQUIRREL/app/tomcat/temp
13-Apr-2023 17:33:10.921 INFO [main] org.apache.catalina.core.AprLifecycleListener.lifecycleEvent The Apache Tomcat Native library which allows using OpenSSL was not found on the java.library.path: [/Users/macintosh/Library/Java/Extensions:/Library/Java/Extensions:/Network/Library/Java/Extensions:/System/Library/Java/Extensions:/usr/lib/java:.]
13-Apr-2023 17:33:11.281 INFO [main] org.apache.coyote.AbstractProtocol.init Initializing ProtocolHandler ["http-nio-9999"]
13-Apr-2023 17:33:11.333 INFO [main] org.apache.catalina.startup.Catalina.load Server initialization in [772] milliseconds
13-Apr-2023 17:33:11.379 INFO [main] org.apache.catalina.core.StandardService.startInternal Starting service [Catalina]
13-Apr-2023 17:33:11.379 INFO [main] org.apache.catalina.core.StandardEngine.startInternal Starting Servlet engine: [Apache Tomcat/10.1.7]
13-Apr-2023 17:33:11.388 INFO [main] org.apache.catalina.startup.HostConfig.deployDirectory Deploying web application directory [/Users/macintosh/Desktop/Y2S2/IM2073/SQUIRREL/app/tomcat/webapps/docs]
13-Apr-2023 17:33:11.689 INFO [main] org.apache.catalina.startup.HostConfig.deployDirectory Deployment of web application directory [/Users/macintosh/Desktop/Y2S2/IM2073/SQUIRREL/app/tomcat/webapps/docs] has finished in [300] ms
13-Apr-2023 17:33:11.689 INFO [main] org.apache.catalina.startup.HostConfig.deployDirectory Deploying web application directory [/Users/macintosh/Desktop/Y2S2/IM2073/SQUIRREL/app/tomcat/webapps/manager]
13-Apr-2023 17:33:11.733 INFO [main] org.apache.catalina.startup.HostConfig.deployDirectory Deployment of web application directory [/Users/macintosh/Desktop/Y2S2/IM2073/SQUIRREL/app/tomcat/webapps/manager] has finished in [43] ms
13-Apr-2023 17:33:11.733 INFO [main] org.apache.catalina.startup.HostConfig.deployDirectory Deploying web application directory [/Users/macintosh/Desktop/Y2S2/IM2073/SQUIRREL/app/tomcat/webapps/examples]
13-Apr-2023 17:33:12.050 INFO [main] org.apache.catalina.startup.HostConfig.deployDirectory Deployment of web application directory [/Users/macintosh/Desktop/Y2S2/IM2073/SQUIRREL/app/tomcat/webapps/examples] has finished in [316] ms
13-Apr-2023 17:33:12.050 INFO [main] org.apache.catalina.startup.HostConfig.deployDirectory Deploying web application directory [/Users/macintosh/Desktop/Y2S2/IM2073/SQUIRREL/app/tomcat/webapps/ROOT]
13-Apr-2023 17:33:12.067 INFO [main] org.apache.catalina.startup.HostConfig.deployDirectory Deployment of web application directory [/Users/macintosh/Desktop/Y2S2/IM2073/SQUIRREL/app/tomcat/webapps/ROOT] has finished in [16] ms
13-Apr-2023 17:33:12.067 INFO [main] org.apache.catalina.startup.HostConfig.deployDirectory Deploying web application directory [/Users/macintosh/Desktop/Y2S2/IM2073/SQUIRREL/app/tomcat/webapps/host-manager]
13-Apr-2023 17:33:12.089 INFO [main] org.apache.catalina.startup.HostConfig.deployDirectory Deployment of web application directory [/Users/macintosh/Desktop/Y2S2/IM2073/SQUIRREL/app/tomcat/webapps/host-manager] has finished in [22] ms
13-Apr-2023 17:33:12.091 INFO [main] org.apache.coyote.AbstractProtocol.start Starting ProtocolHandler ["http-nio-9999"]
13-Apr-2023 17:33:12.106 INFO [main] org.apache.catalina.startup.Catalina.start Server startup in [772] milliseconds
13-Apr-2023 17:34:42.241 INFO [Catalina-utility-2] org.apache.catalina.startup.HostConfig.deployDirectory Deploying web application directory [/Users/macintosh/Desktop/Y2S2/IM2073/SQUIRREL/app/tomcat/webapps/test]
13-Apr-2023 17:34:42.281 INFO [Catalina-utility-2] org.apache.catalina.startup.HostConfig.deployDirectory Deployment of web application directory [/Users/macintosh/Desktop/Y2S2/IM2073/SQUIRREL/app/tomcat/webapps/test] has finished in [39] ms
13-Apr-2023 17:42:03.758 INFO [Thread-1] org.apache.coyote.AbstractProtocol.pause Pausing ProtocolHandler ["http-nio-9999"]
13-Apr-2023 17:42:03.774 INFO [Thread-1] org.apache.catalina.core.StandardService.stopInternal Stopping service [Catalina]
13-Apr-2023 17:42:03.827 INFO [Thread-1] org.apache.coyote.AbstractProtocol.stop Stopping ProtocolHandler ["http-nio-9999"]
13-Apr-2023 17:42:03.836 INFO [Thread-1] org.apache.coyote.AbstractProtocol.destroy Destroying ProtocolHandler ["http-nio-9999"]
13-Apr-2023 17:42:06.271 INFO [main] org.apache.catalina.startup.VersionLoggerListener.log Server version name:   Apache Tomcat/10.1.7
13-Apr-2023 17:42:06.274 INFO [main] org.apache.catalina.startup.VersionLoggerListener.log Server built:          Feb 27 2023 20:25:27 UTC
13-Apr-2023 17:42:06.274 INFO [main] org.apache.catalina.startup.VersionLoggerListener.log Server version number: 10.1.7.0
13-Apr-2023 17:42:06.275 INFO [main] org.apache.catalina.startup.VersionLoggerListener.log OS Name:               Mac OS X
13-Apr-2023 17:42:06.275 INFO [main] org.apache.catalina.startup.VersionLoggerListener.log OS Version:            13.2.1
13-Apr-2023 17:42:06.275 INFO [main] org.apache.catalina.startup.VersionLoggerListener.log Architecture:          x86_64
13-Apr-2023 17:42:06.275 INFO [main] org.apache.catalina.startup.VersionLoggerListener.log Java Home:             /Library/Java/JavaVirtualMachines/jdk-20.jdk/Contents/Home
13-Apr-2023 17:42:06.275 INFO [main] org.apache.catalina.startup.VersionLoggerListener.log JVM Version:           20+36-2344
13-Apr-2023 17:42:06.275 INFO [main] org.apache.catalina.startup.VersionLoggerListener.log JVM Vendor:            Oracle Corporation
13-Apr-2023 17:42:06.275 INFO [main] org.apache.catalina.startup.VersionLoggerListener.log CATALINA_BASE:         /Users/macintosh/Desktop/Y2S2/IM2073/SQUIRREL/app/tomcat
13-Apr-2023 17:42:06.275 INFO [main] org.apache.catalina.startup.VersionLoggerListener.log CATALINA_HOME:         /Users/macintosh/Desktop/Y2S2/IM2073/SQUIRREL/app/tomcat
13-Apr-2023 17:42:06.286 INFO [main] org.apache.catalina.startup.VersionLoggerListener.log Command line argument: -Djava.util.logging.config.file=/Users/macintosh/Desktop/Y2s2/IM2073/SQUIRREL/app/tomcat/conf/logging.properties
13-Apr-2023 17:42:06.286 INFO [main] org.apache.catalina.startup.VersionLoggerListener.log Command line argument: -Djava.util.logging.manager=org.apache.juli.ClassLoaderLogManager
13-Apr-2023 17:42:06.286 INFO [main] org.apache.catalina.startup.VersionLoggerListener.log Command line argument: -Djdk.tls.ephemeralDHKeySize=2048
13-Apr-2023 17:42:06.286 INFO [main] org.apache.catalina.startup.VersionLoggerListener.log Command line argument: -Djava.protocol.handler.pkgs=org.apache.catalina.webresources
13-Apr-2023 17:42:06.287 INFO [main] org.apache.catalina.startup.VersionLoggerListener.log Command line argument: -Dorg.apache.catalina.security.SecurityListener.UMASK=0027
13-Apr-2023 17:42:06.287 INFO [main] org.apache.catalina.startup.VersionLoggerListener.log Command line argument: --add-opens=java.base/java.lang=ALL-UNNAMED
13-Apr-2023 17:42:06.287 INFO [main] org.apache.catalina.startup.VersionLoggerListener.log Command line argument: --add-opens=java.base/java.io=ALL-UNNAMED
13-Apr-2023 17:42:06.287 INFO [main] org.apache.catalina.startup.VersionLoggerListener.log Command line argument: --add-opens=java.base/java.util=ALL-UNNAMED
13-Apr-2023 17:42:06.287 INFO [main] org.apache.catalina.startup.VersionLoggerListener.log Command line argument: --add-opens=java.base/java.util.concurrent=ALL-UNNAMED
13-Apr-2023 17:42:06.287 INFO [main] org.apache.catalina.startup.VersionLoggerListener.log Command line argument: --add-opens=java.rmi/sun.rmi.transport=ALL-UNNAMED
13-Apr-2023 17:42:06.287 INFO [main] org.apache.catalina.startup.VersionLoggerListener.log Command line argument: -Dcatalina.base=/Users/macintosh/Desktop/Y2s2/IM2073/SQUIRREL/app/tomcat
13-Apr-2023 17:42:06.287 INFO [main] org.apache.catalina.startup.VersionLoggerListener.log Command line argument: -Dcatalina.home=/Users/macintosh/Desktop/Y2s2/IM2073/SQUIRREL/app/tomcat
13-Apr-2023 17:42:06.287 INFO [main] org.apache.catalina.startup.VersionLoggerListener.log Command line argument: -Djava.io.tmpdir=/Users/macintosh/Desktop/Y2s2/IM2073/SQUIRREL/app/tomcat/temp
13-Apr-2023 17:42:06.299 INFO [main] org.apache.catalina.core.AprLifecycleListener.lifecycleEvent The Apache Tomcat Native library which allows using OpenSSL was not found on the java.library.path: [/Users/macintosh/Library/Java/Extensions:/Library/Java/Extensions:/Network/Library/Java/Extensions:/System/Library/Java/Extensions:/usr/lib/java:.]
13-Apr-2023 17:42:06.572 INFO [main] org.apache.coyote.AbstractProtocol.init Initializing ProtocolHandler ["http-nio-9999"]
13-Apr-2023 17:42:06.595 INFO [main] org.apache.catalina.startup.Catalina.load Server initialization in [498] milliseconds
13-Apr-2023 17:42:06.631 INFO [main] org.apache.catalina.core.StandardService.startInternal Starting service [Catalina]
13-Apr-2023 17:42:06.631 INFO [main] org.apache.catalina.core.StandardEngine.startInternal Starting Servlet engine: [Apache Tomcat/10.1.7]
13-Apr-2023 17:42:06.638 INFO [main] org.apache.catalina.startup.HostConfig.deployDirectory Deploying web application directory [/Users/macintosh/Desktop/Y2S2/IM2073/SQUIRREL/app/tomcat/webapps/test]
13-Apr-2023 17:42:06.893 INFO [main] org.apache.catalina.startup.HostConfig.deployDirectory Deployment of web application directory [/Users/macintosh/Desktop/Y2S2/IM2073/SQUIRREL/app/tomcat/webapps/test] has finished in [255] ms
13-Apr-2023 17:42:06.893 INFO [main] org.apache.catalina.startup.HostConfig.deployDirectory Deploying web application directory [/Users/macintosh/Desktop/Y2S2/IM2073/SQUIRREL/app/tomcat/webapps/docs]
13-Apr-2023 17:42:06.917 INFO [main] org.apache.catalina.startup.HostConfig.deployDirectory Deployment of web application directory [/Users/macintosh/Desktop/Y2S2/IM2073/SQUIRREL/app/tomcat/webapps/docs] has finished in [24] ms
13-Apr-2023 17:42:06.917 INFO [main] org.apache.catalina.startup.HostConfig.deployDirectory Deploying web application directory [/Users/macintosh/Desktop/Y2S2/IM2073/SQUIRREL/app/tomcat/webapps/manager]
13-Apr-2023 17:42:06.954 INFO [main] org.apache.catalina.startup.HostConfig.deployDirectory Deployment of web application directory [/Users/macintosh/Desktop/Y2S2/IM2073/SQUIRREL/app/tomcat/webapps/manager] has finished in [37] ms
13-Apr-2023 17:42:06.955 INFO [main] org.apache.catalina.startup.HostConfig.deployDirectory Deploying web application directory [/Users/macintosh/Desktop/Y2S2/IM2073/SQUIRREL/app/tomcat/webapps/examples]
13-Apr-2023 17:42:07.215 INFO [main] org.apache.catalina.startup.HostConfig.deployDirectory Deployment of web application directory [/Users/macintosh/Desktop/Y2S2/IM2073/SQUIRREL/app/tomcat/webapps/examples] has finished in [260] ms
13-Apr-2023 17:42:07.216 INFO [main] org.apache.catalina.startup.HostConfig.deployDirectory Deploying web application directory [/Users/macintosh/Desktop/Y2S2/IM2073/SQUIRREL/app/tomcat/webapps/ROOT]
13-Apr-2023 17:42:07.230 INFO [main] org.apache.catalina.startup.HostConfig.deployDirectory Deployment of web application directory [/Users/macintosh/Desktop/Y2S2/IM2073/SQUIRREL/app/tomcat/webapps/ROOT] has finished in [14] ms
13-Apr-2023 17:42:07.230 INFO [main] org.apache.catalina.startup.HostConfig.deployDirectory Deploying web application directory [/Users/macintosh/Desktop/Y2S2/IM2073/SQUIRREL/app/tomcat/webapps/host-manager]
13-Apr-2023 17:42:07.251 INFO [main] org.apache.catalina.startup.HostConfig.deployDirectory Deployment of web application directory [/Users/macintosh/Desktop/Y2S2/IM2073/SQUIRREL/app/tomcat/webapps/host-manager] has finished in [20] ms
13-Apr-2023 17:42:07.252 INFO [main] org.apache.coyote.AbstractProtocol.start Starting ProtocolHandler ["http-nio-9999"]
13-Apr-2023 17:42:07.265 INFO [main] org.apache.catalina.startup.Catalina.start Server startup in [669] milliseconds
13-Apr-2023 22:45:31.104 INFO [Thread-1] org.apache.coyote.AbstractProtocol.pause Pausing ProtocolHandler ["http-nio-9999"]
13-Apr-2023 22:45:31.304 INFO [Thread-1] org.apache.catalina.core.StandardService.stopInternal Stopping service [Catalina]
13-Apr-2023 22:45:31.535 INFO [Thread-1] org.apache.coyote.AbstractProtocol.stop Stopping ProtocolHandler ["http-nio-9999"]
13-Apr-2023 22:45:31.562 INFO [Thread-1] org.apache.coyote.AbstractProtocol.destroy Destroying ProtocolHandler ["http-nio-9999"]
13-Apr-2023 22:45:42.776 INFO [main] org.apache.catalina.startup.VersionLoggerListener.log Server version name:   Apache Tomcat/10.1.7
13-Apr-2023 22:45:42.779 INFO [main] org.apache.catalina.startup.VersionLoggerListener.log Server built:          Feb 27 2023 20:25:27 UTC
13-Apr-2023 22:45:42.780 INFO [main] org.apache.catalina.startup.VersionLoggerListener.log Server version number: 10.1.7.0
13-Apr-2023 22:45:42.780 INFO [main] org.apache.catalina.startup.VersionLoggerListener.log OS Name:               Mac OS X
13-Apr-2023 22:45:42.780 INFO [main] org.apache.catalina.startup.VersionLoggerListener.log OS Version:            13.2.1
13-Apr-2023 22:45:42.780 INFO [main] org.apache.catalina.startup.VersionLoggerListener.log Architecture:          x86_64
13-Apr-2023 22:45:42.780 INFO [main] org.apache.catalina.startup.VersionLoggerListener.log Java Home:             /Library/Java/JavaVirtualMachines/jdk-20.jdk/Contents/Home
13-Apr-2023 22:45:42.780 INFO [main] org.apache.catalina.startup.VersionLoggerListener.log JVM Version:           20+36-2344
13-Apr-2023 22:45:42.780 INFO [main] org.apache.catalina.startup.VersionLoggerListener.log JVM Vendor:            Oracle Corporation
13-Apr-2023 22:45:42.781 INFO [main] org.apache.catalina.startup.VersionLoggerListener.log CATALINA_BASE:         /Users/macintosh/Desktop/Y2S2/IM2073/SQUIRREL/app/tomcat
13-Apr-2023 22:45:42.781 INFO [main] org.apache.catalina.startup.VersionLoggerListener.log CATALINA_HOME:         /Users/macintosh/Desktop/Y2S2/IM2073/SQUIRREL/app/tomcat
13-Apr-2023 22:45:42.792 INFO [main] org.apache.catalina.startup.VersionLoggerListener.log Command line argument: -Djava.util.logging.config.file=/Users/macintosh/Desktop/Y2s2/IM2073/SQUIRREL/app/tomcat/conf/logging.properties
13-Apr-2023 22:45:42.792 INFO [main] org.apache.catalina.startup.VersionLoggerListener.log Command line argument: -Djava.util.logging.manager=org.apache.juli.ClassLoaderLogManager
13-Apr-2023 22:45:42.792 INFO [main] org.apache.catalina.startup.VersionLoggerListener.log Command line argument: -Djdk.tls.ephemeralDHKeySize=2048
13-Apr-2023 22:45:42.793 INFO [main] org.apache.catalina.startup.VersionLoggerListener.log Command line argument: -Djava.protocol.handler.pkgs=org.apache.catalina.webresources
13-Apr-2023 22:45:42.793 INFO [main] org.apache.catalina.startup.VersionLoggerListener.log Command line argument: -Dorg.apache.catalina.security.SecurityListener.UMASK=0027
13-Apr-2023 22:45:42.793 INFO [main] org.apache.catalina.startup.VersionLoggerListener.log Command line argument: --add-opens=java.base/java.lang=ALL-UNNAMED
13-Apr-2023 22:45:42.793 INFO [main] org.apache.catalina.startup.VersionLoggerListener.log Command line argument: --add-opens=java.base/java.io=ALL-UNNAMED
13-Apr-2023 22:45:42.793 INFO [main] org.apache.catalina.startup.VersionLoggerListener.log Command line argument: --add-opens=java.base/java.util=ALL-UNNAMED
13-Apr-2023 22:45:42.793 INFO [main] org.apache.catalina.startup.VersionLoggerListener.log Command line argument: --add-opens=java.base/java.util.concurrent=ALL-UNNAMED
13-Apr-2023 22:45:42.793 INFO [main] org.apache.catalina.startup.VersionLoggerListener.log Command line argument: --add-opens=java.rmi/sun.rmi.transport=ALL-UNNAMED
13-Apr-2023 22:45:42.793 INFO [main] org.apache.catalina.startup.VersionLoggerListener.log Command line argument: -Dcatalina.base=/Users/macintosh/Desktop/Y2s2/IM2073/SQUIRREL/app/tomcat
13-Apr-2023 22:45:42.793 INFO [main] org.apache.catalina.startup.VersionLoggerListener.log Command line argument: -Dcatalina.home=/Users/macintosh/Desktop/Y2s2/IM2073/SQUIRREL/app/tomcat
13-Apr-2023 22:45:42.794 INFO [main] org.apache.catalina.startup.VersionLoggerListener.log Command line argument: -Djava.io.tmpdir=/Users/macintosh/Desktop/Y2s2/IM2073/SQUIRREL/app/tomcat/temp
13-Apr-2023 22:45:42.806 INFO [main] org.apache.catalina.core.AprLifecycleListener.lifecycleEvent The Apache Tomcat Native library which allows using OpenSSL was not found on the java.library.path: [/Users/macintosh/Library/Java/Extensions:/Library/Java/Extensions:/Network/Library/Java/Extensions:/System/Library/Java/Extensions:/usr/lib/java:.]
13-Apr-2023 22:45:43.130 INFO [main] org.apache.coyote.AbstractProtocol.init Initializing ProtocolHandler ["http-nio-9999"]
13-Apr-2023 22:45:43.155 INFO [main] org.apache.catalina.startup.Catalina.load Server initialization in [587] milliseconds
13-Apr-2023 22:45:43.186 INFO [main] org.apache.catalina.core.StandardService.startInternal Starting service [Catalina]
13-Apr-2023 22:45:43.186 INFO [main] org.apache.catalina.core.StandardEngine.startInternal Starting Servlet engine: [Apache Tomcat/10.1.7]
13-Apr-2023 22:45:43.194 INFO [main] org.apache.catalina.startup.HostConfig.deployDirectory Deploying web application directory [/Users/macintosh/Desktop/Y2S2/IM2073/SQUIRREL/app/tomcat/webapps/test]
13-Apr-2023 22:45:43.460 INFO [main] org.apache.catalina.startup.HostConfig.deployDirectory Deployment of web application directory [/Users/macintosh/Desktop/Y2S2/IM2073/SQUIRREL/app/tomcat/webapps/test] has finished in [265] ms
13-Apr-2023 22:45:43.460 INFO [main] org.apache.catalina.startup.HostConfig.deployDirectory Deploying web application directory [/Users/macintosh/Desktop/Y2S2/IM2073/SQUIRREL/app/tomcat/webapps/docs]
13-Apr-2023 22:45:43.481 INFO [main] org.apache.catalina.startup.HostConfig.deployDirectory Deployment of web application directory [/Users/macintosh/Desktop/Y2S2/IM2073/SQUIRREL/app/tomcat/webapps/docs] has finished in [21] ms
13-Apr-2023 22:45:43.481 INFO [main] org.apache.catalina.startup.HostConfig.deployDirectory Deploying web application directory [/Users/macintosh/Desktop/Y2S2/IM2073/SQUIRREL/app/tomcat/webapps/manager]
13-Apr-2023 22:45:43.515 INFO [main] org.apache.catalina.startup.HostConfig.deployDirectory Deployment of web application directory [/Users/macintosh/Desktop/Y2S2/IM2073/SQUIRREL/app/tomcat/webapps/manager] has finished in [33] ms
13-Apr-2023 22:45:43.515 INFO [main] org.apache.catalina.startup.HostConfig.deployDirectory Deploying web application directory [/Users/macintosh/Desktop/Y2S2/IM2073/SQUIRREL/app/tomcat/webapps/examples]
13-Apr-2023 22:45:43.793 INFO [main] org.apache.catalina.startup.HostConfig.deployDirectory Deployment of web application directory [/Users/macintosh/Desktop/Y2S2/IM2073/SQUIRREL/app/tomcat/webapps/examples] has finished in [277] ms
13-Apr-2023 22:45:43.793 INFO [main] org.apache.catalina.startup.HostConfig.deployDirectory Deploying web application directory [/Users/macintosh/Desktop/Y2S2/IM2073/SQUIRREL/app/tomcat/webapps/ROOT]
13-Apr-2023 22:45:43.808 INFO [main] org.apache.catalina.startup.HostConfig.deployDirectory Deployment of web application directory [/Users/macintosh/Desktop/Y2S2/IM2073/SQUIRREL/app/tomcat/webapps/ROOT] has finished in [15] ms
13-Apr-2023 22:45:43.809 INFO [main] org.apache.catalina.startup.HostConfig.deployDirectory Deploying web application directory [/Users/macintosh/Desktop/Y2S2/IM2073/SQUIRREL/app/tomcat/webapps/host-manager]
13-Apr-2023 22:45:43.828 INFO [main] org.apache.catalina.startup.HostConfig.deployDirectory Deployment of web application directory [/Users/macintosh/Desktop/Y2S2/IM2073/SQUIRREL/app/tomcat/webapps/host-manager] has finished in [19] ms
13-Apr-2023 22:45:43.830 INFO [main] org.apache.coyote.AbstractProtocol.start Starting ProtocolHandler ["http-nio-9999"]
13-Apr-2023 22:45:43.843 INFO [main] org.apache.catalina.startup.Catalina.start Server startup in [687] milliseconds
13-Apr-2023 22:58:05.612 INFO [Thread-1] org.apache.coyote.AbstractProtocol.pause Pausing ProtocolHandler ["http-nio-9999"]
13-Apr-2023 22:58:05.629 INFO [Thread-1] org.apache.catalina.core.StandardService.stopInternal Stopping service [Catalina]
13-Apr-2023 22:58:05.676 INFO [Thread-1] org.apache.coyote.AbstractProtocol.stop Stopping ProtocolHandler ["http-nio-9999"]
13-Apr-2023 22:58:05.691 INFO [Thread-1] org.apache.coyote.AbstractProtocol.destroy Destroying ProtocolHandler ["http-nio-9999"]
13-Apr-2023 22:58:08.488 INFO [main] org.apache.catalina.startup.VersionLoggerListener.log Server version name:   Apache Tomcat/10.1.7
13-Apr-2023 22:58:08.491 INFO [main] org.apache.catalina.startup.VersionLoggerListener.log Server built:          Feb 27 2023 20:25:27 UTC
13-Apr-2023 22:58:08.492 INFO [main] org.apache.catalina.startup.VersionLoggerListener.log Server version number: 10.1.7.0
13-Apr-2023 22:58:08.492 INFO [main] org.apache.catalina.startup.VersionLoggerListener.log OS Name:               Mac OS X
13-Apr-2023 22:58:08.492 INFO [main] org.apache.catalina.startup.VersionLoggerListener.log OS Version:            13.2.1
13-Apr-2023 22:58:08.492 INFO [main] org.apache.catalina.startup.VersionLoggerListener.log Architecture:          x86_64
13-Apr-2023 22:58:08.492 INFO [main] org.apache.catalina.startup.VersionLoggerListener.log Java Home:             /Library/Java/JavaVirtualMachines/jdk-20.jdk/Contents/Home
13-Apr-2023 22:58:08.492 INFO [main] org.apache.catalina.startup.VersionLoggerListener.log JVM Version:           20+36-2344
13-Apr-2023 22:58:08.492 INFO [main] org.apache.catalina.startup.VersionLoggerListener.log JVM Vendor:            Oracle Corporation
13-Apr-2023 22:58:08.492 INFO [main] org.apache.catalina.startup.VersionLoggerListener.log CATALINA_BASE:         /Users/macintosh/Desktop/Y2S2/IM2073/SQUIRREL/app/tomcat
13-Apr-2023 22:58:08.492 INFO [main] org.apache.catalina.startup.VersionLoggerListener.log CATALINA_HOME:         /Users/macintosh/Desktop/Y2S2/IM2073/SQUIRREL/app/tomcat
13-Apr-2023 22:58:08.503 INFO [main] org.apache.catalina.startup.VersionLoggerListener.log Command line argument: -Djava.util.logging.config.file=/Users/macintosh/Desktop/Y2s2/IM2073/SQUIRREL/app/tomcat/conf/logging.properties
13-Apr-2023 22:58:08.503 INFO [main] org.apache.catalina.startup.VersionLoggerListener.log Command line argument: -Djava.util.logging.manager=org.apache.juli.ClassLoaderLogManager
13-Apr-2023 22:58:08.503 INFO [main] org.apache.catalina.startup.VersionLoggerListener.log Command line argument: -Djdk.tls.ephemeralDHKeySize=2048
13-Apr-2023 22:58:08.504 INFO [main] org.apache.catalina.startup.VersionLoggerListener.log Command line argument: -Djava.protocol.handler.pkgs=org.apache.catalina.webresources
13-Apr-2023 22:58:08.504 INFO [main] org.apache.catalina.startup.VersionLoggerListener.log Command line argument: -Dorg.apache.catalina.security.SecurityListener.UMASK=0027
13-Apr-2023 22:58:08.504 INFO [main] org.apache.catalina.startup.VersionLoggerListener.log Command line argument: --add-opens=java.base/java.lang=ALL-UNNAMED
13-Apr-2023 22:58:08.504 INFO [main] org.apache.catalina.startup.VersionLoggerListener.log Command line argument: --add-opens=java.base/java.io=ALL-UNNAMED
13-Apr-2023 22:58:08.504 INFO [main] org.apache.catalina.startup.VersionLoggerListener.log Command line argument: --add-opens=java.base/java.util=ALL-UNNAMED
13-Apr-2023 22:58:08.504 INFO [main] org.apache.catalina.startup.VersionLoggerListener.log Command line argument: --add-opens=java.base/java.util.concurrent=ALL-UNNAMED
13-Apr-2023 22:58:08.504 INFO [main] org.apache.catalina.startup.VersionLoggerListener.log Command line argument: --add-opens=java.rmi/sun.rmi.transport=ALL-UNNAMED
13-Apr-2023 22:58:08.504 INFO [main] org.apache.catalina.startup.VersionLoggerListener.log Command line argument: -Dcatalina.base=/Users/macintosh/Desktop/Y2s2/IM2073/SQUIRREL/app/tomcat
13-Apr-2023 22:58:08.505 INFO [main] org.apache.catalina.startup.VersionLoggerListener.log Command line argument: -Dcatalina.home=/Users/macintosh/Desktop/Y2s2/IM2073/SQUIRREL/app/tomcat
13-Apr-2023 22:58:08.505 INFO [main] org.apache.catalina.startup.VersionLoggerListener.log Command line argument: -Djava.io.tmpdir=/Users/macintosh/Desktop/Y2s2/IM2073/SQUIRREL/app/tomcat/temp
13-Apr-2023 22:58:08.517 INFO [main] org.apache.catalina.core.AprLifecycleListener.lifecycleEvent The Apache Tomcat Native library which allows using OpenSSL was not found on the java.library.path: [/Users/macintosh/Library/Java/Extensions:/Library/Java/Extensions:/Network/Library/Java/Extensions:/System/Library/Java/Extensions:/usr/lib/java:.]
13-Apr-2023 22:58:08.804 INFO [main] org.apache.coyote.AbstractProtocol.init Initializing ProtocolHandler ["http-nio-9999"]
13-Apr-2023 22:58:08.829 INFO [main] org.apache.catalina.startup.Catalina.load Server initialization in [520] milliseconds
13-Apr-2023 22:58:08.865 INFO [main] org.apache.catalina.core.StandardService.startInternal Starting service [Catalina]
13-Apr-2023 22:58:08.865 INFO [main] org.apache.catalina.core.StandardEngine.startInternal Starting Servlet engine: [Apache Tomcat/10.1.7]
13-Apr-2023 22:58:08.873 INFO [main] org.apache.catalina.startup.HostConfig.deployDirectory Deploying web application directory [/Users/macintosh/Desktop/Y2S2/IM2073/SQUIRREL/app/tomcat/webapps/test]
13-Apr-2023 22:58:09.142 INFO [main] org.apache.catalina.startup.HostConfig.deployDirectory Deployment of web application directory [/Users/macintosh/Desktop/Y2S2/IM2073/SQUIRREL/app/tomcat/webapps/test] has finished in [268] ms
13-Apr-2023 22:58:09.142 INFO [main] org.apache.catalina.startup.HostConfig.deployDirectory Deploying web application directory [/Users/macintosh/Desktop/Y2S2/IM2073/SQUIRREL/app/tomcat/webapps/docs]
13-Apr-2023 22:58:09.165 INFO [main] org.apache.catalina.startup.HostConfig.deployDirectory Deployment of web application directory [/Users/macintosh/Desktop/Y2S2/IM2073/SQUIRREL/app/tomcat/webapps/docs] has finished in [23] ms
13-Apr-2023 22:58:09.166 INFO [main] org.apache.catalina.startup.HostConfig.deployDirectory Deploying web application directory [/Users/macintosh/Desktop/Y2S2/IM2073/SQUIRREL/app/tomcat/webapps/manager]
13-Apr-2023 22:58:09.200 INFO [main] org.apache.catalina.startup.HostConfig.deployDirectory Deployment of web application directory [/Users/macintosh/Desktop/Y2S2/IM2073/SQUIRREL/app/tomcat/webapps/manager] has finished in [34] ms
13-Apr-2023 22:58:09.200 INFO [main] org.apache.catalina.startup.HostConfig.deployDirectory Deploying web application directory [/Users/macintosh/Desktop/Y2S2/IM2073/SQUIRREL/app/tomcat/webapps/examples]
13-Apr-2023 22:58:09.448 INFO [main] org.apache.catalina.startup.HostConfig.deployDirectory Deployment of web application directory [/Users/macintosh/Desktop/Y2S2/IM2073/SQUIRREL/app/tomcat/webapps/examples] has finished in [248] ms
13-Apr-2023 22:58:09.448 INFO [main] org.apache.catalina.startup.HostConfig.deployDirectory Deploying web application directory [/Users/macintosh/Desktop/Y2S2/IM2073/SQUIRREL/app/tomcat/webapps/ROOT]
13-Apr-2023 22:58:09.463 INFO [main] org.apache.catalina.startup.HostConfig.deployDirectory Deployment of web application directory [/Users/macintosh/Desktop/Y2S2/IM2073/SQUIRREL/app/tomcat/webapps/ROOT] has finished in [15] ms
13-Apr-2023 22:58:09.463 INFO [main] org.apache.catalina.startup.HostConfig.deployDirectory Deploying web application directory [/Users/macintosh/Desktop/Y2S2/IM2073/SQUIRREL/app/tomcat/webapps/host-manager]
13-Apr-2023 22:58:09.482 INFO [main] org.apache.catalina.startup.HostConfig.deployDirectory Deployment of web application directory [/Users/macintosh/Desktop/Y2S2/IM2073/SQUIRREL/app/tomcat/webapps/host-manager] has finished in [18] ms
13-Apr-2023 22:58:09.483 INFO [main] org.apache.coyote.AbstractProtocol.start Starting ProtocolHandler ["http-nio-9999"]
13-Apr-2023 22:58:09.495 INFO [main] org.apache.catalina.startup.Catalina.start Server startup in [664] milliseconds
13-Apr-2023 22:59:19.613 INFO [Catalina-utility-2] org.apache.catalina.core.StandardContext.reload Reloading Context with name [/test] has started
13-Apr-2023 22:59:19.653 INFO [Catalina-utility-2] org.apache.catalina.core.StandardContext.reload Reloading Context with name [/test] is completed
13-Apr-2023 22:59:30.485 INFO [Thread-1] org.apache.coyote.AbstractProtocol.pause Pausing ProtocolHandler ["http-nio-9999"]
13-Apr-2023 22:59:30.492 INFO [Thread-1] org.apache.catalina.core.StandardService.stopInternal Stopping service [Catalina]
13-Apr-2023 22:59:30.514 INFO [Thread-1] org.apache.coyote.AbstractProtocol.stop Stopping ProtocolHandler ["http-nio-9999"]
13-Apr-2023 22:59:30.520 INFO [Thread-1] org.apache.coyote.AbstractProtocol.destroy Destroying ProtocolHandler ["http-nio-9999"]
13-Apr-2023 22:59:33.251 INFO [main] org.apache.catalina.startup.VersionLoggerListener.log Server version name:   Apache Tomcat/10.1.7
13-Apr-2023 22:59:33.255 INFO [main] org.apache.catalina.startup.VersionLoggerListener.log Server built:          Feb 27 2023 20:25:27 UTC
13-Apr-2023 22:59:33.256 INFO [main] org.apache.catalina.startup.VersionLoggerListener.log Server version number: 10.1.7.0
13-Apr-2023 22:59:33.256 INFO [main] org.apache.catalina.startup.VersionLoggerListener.log OS Name:               Mac OS X
13-Apr-2023 22:59:33.256 INFO [main] org.apache.catalina.startup.VersionLoggerListener.log OS Version:            13.2.1
13-Apr-2023 22:59:33.256 INFO [main] org.apache.catalina.startup.VersionLoggerListener.log Architecture:          x86_64
13-Apr-2023 22:59:33.256 INFO [main] org.apache.catalina.startup.VersionLoggerListener.log Java Home:             /Library/Java/JavaVirtualMachines/jdk-20.jdk/Contents/Home
13-Apr-2023 22:59:33.256 INFO [main] org.apache.catalina.startup.VersionLoggerListener.log JVM Version:           20+36-2344
13-Apr-2023 22:59:33.257 INFO [main] org.apache.catalina.startup.VersionLoggerListener.log JVM Vendor:            Oracle Corporation
13-Apr-2023 22:59:33.257 INFO [main] org.apache.catalina.startup.VersionLoggerListener.log CATALINA_BASE:         /Users/macintosh/Desktop/Y2S2/IM2073/SQUIRREL/app/tomcat
13-Apr-2023 22:59:33.257 INFO [main] org.apache.catalina.startup.VersionLoggerListener.log CATALINA_HOME:         /Users/macintosh/Desktop/Y2S2/IM2073/SQUIRREL/app/tomcat
13-Apr-2023 22:59:33.271 INFO [main] org.apache.catalina.startup.VersionLoggerListener.log Command line argument: -Djava.util.logging.config.file=/Users/macintosh/Desktop/Y2s2/IM2073/SQUIRREL/app/tomcat/conf/logging.properties
13-Apr-2023 22:59:33.271 INFO [main] org.apache.catalina.startup.VersionLoggerListener.log Command line argument: -Djava.util.logging.manager=org.apache.juli.ClassLoaderLogManager
13-Apr-2023 22:59:33.271 INFO [main] org.apache.catalina.startup.VersionLoggerListener.log Command line argument: -Djdk.tls.ephemeralDHKeySize=2048
13-Apr-2023 22:59:33.272 INFO [main] org.apache.catalina.startup.VersionLoggerListener.log Command line argument: -Djava.protocol.handler.pkgs=org.apache.catalina.webresources
13-Apr-2023 22:59:33.272 INFO [main] org.apache.catalina.startup.VersionLoggerListener.log Command line argument: -Dorg.apache.catalina.security.SecurityListener.UMASK=0027
13-Apr-2023 22:59:33.272 INFO [main] org.apache.catalina.startup.VersionLoggerListener.log Command line argument: --add-opens=java.base/java.lang=ALL-UNNAMED
13-Apr-2023 22:59:33.272 INFO [main] org.apache.catalina.startup.VersionLoggerListener.log Command line argument: --add-opens=java.base/java.io=ALL-UNNAMED
13-Apr-2023 22:59:33.272 INFO [main] org.apache.catalina.startup.VersionLoggerListener.log Command line argument: --add-opens=java.base/java.util=ALL-UNNAMED
13-Apr-2023 22:59:33.272 INFO [main] org.apache.catalina.startup.VersionLoggerListener.log Command line argument: --add-opens=java.base/java.util.concurrent=ALL-UNNAMED
13-Apr-2023 22:59:33.272 INFO [main] org.apache.catalina.startup.VersionLoggerListener.log Command line argument: --add-opens=java.rmi/sun.rmi.transport=ALL-UNNAMED
13-Apr-2023 22:59:33.272 INFO [main] org.apache.catalina.startup.VersionLoggerListener.log Command line argument: -Dcatalina.base=/Users/macintosh/Desktop/Y2s2/IM2073/SQUIRREL/app/tomcat
13-Apr-2023 22:59:33.273 INFO [main] org.apache.catalina.startup.VersionLoggerListener.log Command line argument: -Dcatalina.home=/Users/macintosh/Desktop/Y2s2/IM2073/SQUIRREL/app/tomcat
13-Apr-2023 22:59:33.273 INFO [main] org.apache.catalina.startup.VersionLoggerListener.log Command line argument: -Djava.io.tmpdir=/Users/macintosh/Desktop/Y2s2/IM2073/SQUIRREL/app/tomcat/temp
13-Apr-2023 22:59:33.287 INFO [main] org.apache.catalina.core.AprLifecycleListener.lifecycleEvent The Apache Tomcat Native library which allows using OpenSSL was not found on the java.library.path: [/Users/macintosh/Library/Java/Extensions:/Library/Java/Extensions:/Network/Library/Java/Extensions:/System/Library/Java/Extensions:/usr/lib/java:.]
13-Apr-2023 22:59:33.569 INFO [main] org.apache.coyote.AbstractProtocol.init Initializing ProtocolHandler ["http-nio-9999"]
13-Apr-2023 22:59:33.598 INFO [main] org.apache.catalina.startup.Catalina.load Server initialization in [551] milliseconds
13-Apr-2023 22:59:33.631 INFO [main] org.apache.catalina.core.StandardService.startInternal Starting service [Catalina]
13-Apr-2023 22:59:33.631 INFO [main] org.apache.catalina.core.StandardEngine.startInternal Starting Servlet engine: [Apache Tomcat/10.1.7]
13-Apr-2023 22:59:33.638 INFO [main] org.apache.catalina.startup.HostConfig.deployDirectory Deploying web application directory [/Users/macintosh/Desktop/Y2S2/IM2073/SQUIRREL/app/tomcat/webapps/test]
13-Apr-2023 22:59:33.942 INFO [main] org.apache.catalina.startup.HostConfig.deployDirectory Deployment of web application directory [/Users/macintosh/Desktop/Y2S2/IM2073/SQUIRREL/app/tomcat/webapps/test] has finished in [305] ms
13-Apr-2023 22:59:33.943 INFO [main] org.apache.catalina.startup.HostConfig.deployDirectory Deploying web application directory [/Users/macintosh/Desktop/Y2S2/IM2073/SQUIRREL/app/tomcat/webapps/docs]
13-Apr-2023 22:59:33.965 INFO [main] org.apache.catalina.startup.HostConfig.deployDirectory Deployment of web application directory [/Users/macintosh/Desktop/Y2S2/IM2073/SQUIRREL/app/tomcat/webapps/docs] has finished in [22] ms
13-Apr-2023 22:59:33.965 INFO [main] org.apache.catalina.startup.HostConfig.deployDirectory Deploying web application directory [/Users/macintosh/Desktop/Y2S2/IM2073/SQUIRREL/app/tomcat/webapps/manager]
13-Apr-2023 22:59:34.000 INFO [main] org.apache.catalina.startup.HostConfig.deployDirectory Deployment of web application directory [/Users/macintosh/Desktop/Y2S2/IM2073/SQUIRREL/app/tomcat/webapps/manager] has finished in [35] ms
13-Apr-2023 22:59:34.000 INFO [main] org.apache.catalina.startup.HostConfig.deployDirectory Deploying web application directory [/Users/macintosh/Desktop/Y2S2/IM2073/SQUIRREL/app/tomcat/webapps/examples]
13-Apr-2023 22:59:34.247 INFO [main] org.apache.catalina.startup.HostConfig.deployDirectory Deployment of web application directory [/Users/macintosh/Desktop/Y2S2/IM2073/SQUIRREL/app/tomcat/webapps/examples] has finished in [247] ms
13-Apr-2023 22:59:34.248 INFO [main] org.apache.catalina.startup.HostConfig.deployDirectory Deploying web application directory [/Users/macintosh/Desktop/Y2S2/IM2073/SQUIRREL/app/tomcat/webapps/ROOT]
13-Apr-2023 22:59:34.261 INFO [main] org.apache.catalina.startup.HostConfig.deployDirectory Deployment of web application directory [/Users/macintosh/Desktop/Y2S2/IM2073/SQUIRREL/app/tomcat/webapps/ROOT] has finished in [14] ms
13-Apr-2023 22:59:34.262 INFO [main] org.apache.catalina.startup.HostConfig.deployDirectory Deploying web application directory [/Users/macintosh/Desktop/Y2S2/IM2073/SQUIRREL/app/tomcat/webapps/host-manager]
13-Apr-2023 22:59:34.281 INFO [main] org.apache.catalina.startup.HostConfig.deployDirectory Deployment of web application directory [/Users/macintosh/Desktop/Y2S2/IM2073/SQUIRREL/app/tomcat/webapps/host-manager] has finished in [19] ms
13-Apr-2023 22:59:34.282 INFO [main] org.apache.coyote.AbstractProtocol.start Starting ProtocolHandler ["http-nio-9999"]
13-Apr-2023 22:59:34.293 INFO [main] org.apache.catalina.startup.Catalina.start Server startup in [693] milliseconds
13-Apr-2023 23:08:03.575 INFO [Thread-1] org.apache.coyote.AbstractProtocol.pause Pausing ProtocolHandler ["http-nio-9999"]
13-Apr-2023 23:08:03.594 INFO [Thread-1] org.apache.catalina.core.StandardService.stopInternal Stopping service [Catalina]
13-Apr-2023 23:08:03.656 INFO [Thread-1] org.apache.coyote.AbstractProtocol.stop Stopping ProtocolHandler ["http-nio-9999"]
13-Apr-2023 23:08:03.672 INFO [Thread-1] org.apache.coyote.AbstractProtocol.destroy Destroying ProtocolHandler ["http-nio-9999"]
13-Apr-2023 23:08:06.073 INFO [main] org.apache.catalina.startup.VersionLoggerListener.log Server version name:   Apache Tomcat/10.1.7
13-Apr-2023 23:08:06.077 INFO [main] org.apache.catalina.startup.VersionLoggerListener.log Server built:          Feb 27 2023 20:25:27 UTC
13-Apr-2023 23:08:06.077 INFO [main] org.apache.catalina.startup.VersionLoggerListener.log Server version number: 10.1.7.0
13-Apr-2023 23:08:06.077 INFO [main] org.apache.catalina.startup.VersionLoggerListener.log OS Name:               Mac OS X
13-Apr-2023 23:08:06.077 INFO [main] org.apache.catalina.startup.VersionLoggerListener.log OS Version:            13.2.1
13-Apr-2023 23:08:06.077 INFO [main] org.apache.catalina.startup.VersionLoggerListener.log Architecture:          x86_64
13-Apr-2023 23:08:06.078 INFO [main] org.apache.catalina.startup.VersionLoggerListener.log Java Home:             /Library/Java/JavaVirtualMachines/jdk-20.jdk/Contents/Home
13-Apr-2023 23:08:06.078 INFO [main] org.apache.catalina.startup.VersionLoggerListener.log JVM Version:           20+36-2344
13-Apr-2023 23:08:06.078 INFO [main] org.apache.catalina.startup.VersionLoggerListener.log JVM Vendor:            Oracle Corporation
13-Apr-2023 23:08:06.078 INFO [main] org.apache.catalina.startup.VersionLoggerListener.log CATALINA_BASE:         /Users/macintosh/Desktop/Y2S2/IM2073/SQUIRREL/app/tomcat
13-Apr-2023 23:08:06.078 INFO [main] org.apache.catalina.startup.VersionLoggerListener.log CATALINA_HOME:         /Users/macintosh/Desktop/Y2S2/IM2073/SQUIRREL/app/tomcat
13-Apr-2023 23:08:06.089 INFO [main] org.apache.catalina.startup.VersionLoggerListener.log Command line argument: -Djava.util.logging.config.file=/Users/macintosh/Desktop/Y2s2/IM2073/SQUIRREL/app/tomcat/conf/logging.properties
13-Apr-2023 23:08:06.089 INFO [main] org.apache.catalina.startup.VersionLoggerListener.log Command line argument: -Djava.util.logging.manager=org.apache.juli.ClassLoaderLogManager
13-Apr-2023 23:08:06.089 INFO [main] org.apache.catalina.startup.VersionLoggerListener.log Command line argument: -Djdk.tls.ephemeralDHKeySize=2048
13-Apr-2023 23:08:06.090 INFO [main] org.apache.catalina.startup.VersionLoggerListener.log Command line argument: -Djava.protocol.handler.pkgs=org.apache.catalina.webresources
13-Apr-2023 23:08:06.090 INFO [main] org.apache.catalina.startup.VersionLoggerListener.log Command line argument: -Dorg.apache.catalina.security.SecurityListener.UMASK=0027
13-Apr-2023 23:08:06.090 INFO [main] org.apache.catalina.startup.VersionLoggerListener.log Command line argument: --add-opens=java.base/java.lang=ALL-UNNAMED
13-Apr-2023 23:08:06.090 INFO [main] org.apache.catalina.startup.VersionLoggerListener.log Command line argument: --add-opens=java.base/java.io=ALL-UNNAMED
13-Apr-2023 23:08:06.090 INFO [main] org.apache.catalina.startup.VersionLoggerListener.log Command line argument: --add-opens=java.base/java.util=ALL-UNNAMED
13-Apr-2023 23:08:06.090 INFO [main] org.apache.catalina.startup.VersionLoggerListener.log Command line argument: --add-opens=java.base/java.util.concurrent=ALL-UNNAMED
13-Apr-2023 23:08:06.090 INFO [main] org.apache.catalina.startup.VersionLoggerListener.log Command line argument: --add-opens=java.rmi/sun.rmi.transport=ALL-UNNAMED
13-Apr-2023 23:08:06.090 INFO [main] org.apache.catalina.startup.VersionLoggerListener.log Command line argument: -Dcatalina.base=/Users/macintosh/Desktop/Y2s2/IM2073/SQUIRREL/app/tomcat
13-Apr-2023 23:08:06.090 INFO [main] org.apache.catalina.startup.VersionLoggerListener.log Command line argument: -Dcatalina.home=/Users/macintosh/Desktop/Y2s2/IM2073/SQUIRREL/app/tomcat
13-Apr-2023 23:08:06.091 INFO [main] org.apache.catalina.startup.VersionLoggerListener.log Command line argument: -Djava.io.tmpdir=/Users/macintosh/Desktop/Y2s2/IM2073/SQUIRREL/app/tomcat/temp
13-Apr-2023 23:08:06.103 INFO [main] org.apache.catalina.core.AprLifecycleListener.lifecycleEvent The Apache Tomcat Native library which allows using OpenSSL was not found on the java.library.path: [/Users/macintosh/Library/Java/Extensions:/Library/Java/Extensions:/Network/Library/Java/Extensions:/System/Library/Java/Extensions:/usr/lib/java:.]
13-Apr-2023 23:08:06.423 INFO [main] org.apache.coyote.AbstractProtocol.init Initializing ProtocolHandler ["http-nio-9999"]
13-Apr-2023 23:08:06.451 INFO [main] org.apache.catalina.startup.Catalina.load Server initialization in [564] milliseconds
13-Apr-2023 23:08:06.491 INFO [main] org.apache.catalina.core.StandardService.startInternal Starting service [Catalina]
13-Apr-2023 23:08:06.492 INFO [main] org.apache.catalina.core.StandardEngine.startInternal Starting Servlet engine: [Apache Tomcat/10.1.7]
13-Apr-2023 23:08:06.502 INFO [main] org.apache.catalina.startup.HostConfig.deployDirectory Deploying web application directory [/Users/macintosh/Desktop/Y2S2/IM2073/SQUIRREL/app/tomcat/webapps/test]
13-Apr-2023 23:08:07.146 INFO [main] org.apache.jasper.servlet.TldScanner.scanJars At least one JAR was scanned for TLDs yet contained no TLDs. Enable debug logging for this logger for a complete list of JARs that were scanned but no TLDs were found in them. Skipping unneeded JARs during scanning can improve startup time and JSP compilation time.
13-Apr-2023 23:08:07.175 INFO [main] org.apache.catalina.startup.HostConfig.deployDirectory Deployment of web application directory [/Users/macintosh/Desktop/Y2S2/IM2073/SQUIRREL/app/tomcat/webapps/test] has finished in [673] ms
13-Apr-2023 23:08:07.175 INFO [main] org.apache.catalina.startup.HostConfig.deployDirectory Deploying web application directory [/Users/macintosh/Desktop/Y2S2/IM2073/SQUIRREL/app/tomcat/webapps/docs]
13-Apr-2023 23:08:07.503 INFO [main] org.apache.jasper.servlet.TldScanner.scanJars At least one JAR was scanned for TLDs yet contained no TLDs. Enable debug logging for this logger for a complete list of JARs that were scanned but no TLDs were found in them. Skipping unneeded JARs during scanning can improve startup time and JSP compilation time.
13-Apr-2023 23:08:07.505 INFO [main] org.apache.catalina.startup.HostConfig.deployDirectory Deployment of web application directory [/Users/macintosh/Desktop/Y2S2/IM2073/SQUIRREL/app/tomcat/webapps/docs] has finished in [330] ms
13-Apr-2023 23:08:07.505 INFO [main] org.apache.catalina.startup.HostConfig.deployDirectory Deploying web application directory [/Users/macintosh/Desktop/Y2S2/IM2073/SQUIRREL/app/tomcat/webapps/manager]
13-Apr-2023 23:08:07.829 INFO [main] org.apache.jasper.servlet.TldScanner.scanJars At least one JAR was scanned for TLDs yet contained no TLDs. Enable debug logging for this logger for a complete list of JARs that were scanned but no TLDs were found in them. Skipping unneeded JARs during scanning can improve startup time and JSP compilation time.
13-Apr-2023 23:08:07.836 INFO [main] org.apache.catalina.startup.HostConfig.deployDirectory Deployment of web application directory [/Users/macintosh/Desktop/Y2S2/IM2073/SQUIRREL/app/tomcat/webapps/manager] has finished in [331] ms
13-Apr-2023 23:08:07.836 INFO [main] org.apache.catalina.startup.HostConfig.deployDirectory Deploying web application directory [/Users/macintosh/Desktop/Y2S2/IM2073/SQUIRREL/app/tomcat/webapps/examples]
13-Apr-2023 23:08:08.329 INFO [main] org.apache.jasper.servlet.TldScanner.scanJars At least one JAR was scanned for TLDs yet contained no TLDs. Enable debug logging for this logger for a complete list of JARs that were scanned but no TLDs were found in them. Skipping unneeded JARs during scanning can improve startup time and JSP compilation time.
13-Apr-2023 23:08:08.353 INFO [main] org.apache.catalina.startup.HostConfig.deployDirectory Deployment of web application directory [/Users/macintosh/Desktop/Y2S2/IM2073/SQUIRREL/app/tomcat/webapps/examples] has finished in [517] ms
13-Apr-2023 23:08:08.353 INFO [main] org.apache.catalina.startup.HostConfig.deployDirectory Deploying web application directory [/Users/macintosh/Desktop/Y2S2/IM2073/SQUIRREL/app/tomcat/webapps/ROOT]
13-Apr-2023 23:08:08.657 INFO [main] org.apache.jasper.servlet.TldScanner.scanJars At least one JAR was scanned for TLDs yet contained no TLDs. Enable debug logging for this logger for a complete list of JARs that were scanned but no TLDs were found in them. Skipping unneeded JARs during scanning can improve startup time and JSP compilation time.
13-Apr-2023 23:08:08.659 INFO [main] org.apache.catalina.startup.HostConfig.deployDirectory Deployment of web application directory [/Users/macintosh/Desktop/Y2S2/IM2073/SQUIRREL/app/tomcat/webapps/ROOT] has finished in [305] ms
13-Apr-2023 23:08:08.659 INFO [main] org.apache.catalina.startup.HostConfig.deployDirectory Deploying web application directory [/Users/macintosh/Desktop/Y2S2/IM2073/SQUIRREL/app/tomcat/webapps/host-manager]
13-Apr-2023 23:08:08.949 INFO [main] org.apache.jasper.servlet.TldScanner.scanJars At least one JAR was scanned for TLDs yet contained no TLDs. Enable debug logging for this logger for a complete list of JARs that were scanned but no TLDs were found in them. Skipping unneeded JARs during scanning can improve startup time and JSP compilation time.
13-Apr-2023 23:08:08.951 INFO [main] org.apache.catalina.startup.HostConfig.deployDirectory Deployment of web application directory [/Users/macintosh/Desktop/Y2S2/IM2073/SQUIRREL/app/tomcat/webapps/host-manager] has finished in [292] ms
13-Apr-2023 23:08:08.953 INFO [main] org.apache.coyote.AbstractProtocol.start Starting ProtocolHandler ["http-nio-9999"]
13-Apr-2023 23:08:08.965 INFO [main] org.apache.catalina.startup.Catalina.start Server startup in [2512] milliseconds
13-Apr-2023 23:08:49.018 INFO [Catalina-utility-1] org.apache.catalina.core.StandardContext.reload Reloading Context with name [/test] has started
13-Apr-2023 23:08:49.362 INFO [Catalina-utility-1] org.apache.jasper.servlet.TldScanner.scanJars At least one JAR was scanned for TLDs yet contained no TLDs. Enable debug logging for this logger for a complete list of JARs that were scanned but no TLDs were found in them. Skipping unneeded JARs during scanning can improve startup time and JSP compilation time.
13-Apr-2023 23:08:49.363 INFO [Catalina-utility-1] org.apache.catalina.core.StandardContext.reload Reloading Context with name [/test] is completed
13-Apr-2023 23:08:50.263 INFO [Thread-1] org.apache.coyote.AbstractProtocol.pause Pausing ProtocolHandler ["http-nio-9999"]
13-Apr-2023 23:08:50.267 INFO [Thread-1] org.apache.catalina.core.StandardService.stopInternal Stopping service [Catalina]
13-Apr-2023 23:08:50.292 INFO [Thread-1] org.apache.coyote.AbstractProtocol.stop Stopping ProtocolHandler ["http-nio-9999"]
13-Apr-2023 23:08:50.306 INFO [Thread-1] org.apache.coyote.AbstractProtocol.destroy Destroying ProtocolHandler ["http-nio-9999"]
13-Apr-2023 23:08:52.977 INFO [main] org.apache.catalina.startup.VersionLoggerListener.log Server version name:   Apache Tomcat/10.1.7
13-Apr-2023 23:08:52.980 INFO [main] org.apache.catalina.startup.VersionLoggerListener.log Server built:          Feb 27 2023 20:25:27 UTC
13-Apr-2023 23:08:52.980 INFO [main] org.apache.catalina.startup.VersionLoggerListener.log Server version number: 10.1.7.0
13-Apr-2023 23:08:52.980 INFO [main] org.apache.catalina.startup.VersionLoggerListener.log OS Name:               Mac OS X
13-Apr-2023 23:08:52.980 INFO [main] org.apache.catalina.startup.VersionLoggerListener.log OS Version:            13.2.1
13-Apr-2023 23:08:52.981 INFO [main] org.apache.catalina.startup.VersionLoggerListener.log Architecture:          x86_64
13-Apr-2023 23:08:52.981 INFO [main] org.apache.catalina.startup.VersionLoggerListener.log Java Home:             /Library/Java/JavaVirtualMachines/jdk-20.jdk/Contents/Home
13-Apr-2023 23:08:52.981 INFO [main] org.apache.catalina.startup.VersionLoggerListener.log JVM Version:           20+36-2344
13-Apr-2023 23:08:52.981 INFO [main] org.apache.catalina.startup.VersionLoggerListener.log JVM Vendor:            Oracle Corporation
13-Apr-2023 23:08:52.981 INFO [main] org.apache.catalina.startup.VersionLoggerListener.log CATALINA_BASE:         /Users/macintosh/Desktop/Y2S2/IM2073/SQUIRREL/app/tomcat
13-Apr-2023 23:08:52.981 INFO [main] org.apache.catalina.startup.VersionLoggerListener.log CATALINA_HOME:         /Users/macintosh/Desktop/Y2S2/IM2073/SQUIRREL/app/tomcat
13-Apr-2023 23:08:52.991 INFO [main] org.apache.catalina.startup.VersionLoggerListener.log Command line argument: -Djava.util.logging.config.file=/Users/macintosh/Desktop/Y2s2/IM2073/SQUIRREL/app/tomcat/conf/logging.properties
13-Apr-2023 23:08:52.991 INFO [main] org.apache.catalina.startup.VersionLoggerListener.log Command line argument: -Djava.util.logging.manager=org.apache.juli.ClassLoaderLogManager
13-Apr-2023 23:08:52.991 INFO [main] org.apache.catalina.startup.VersionLoggerListener.log Command line argument: -Djdk.tls.ephemeralDHKeySize=2048
13-Apr-2023 23:08:52.991 INFO [main] org.apache.catalina.startup.VersionLoggerListener.log Command line argument: -Djava.protocol.handler.pkgs=org.apache.catalina.webresources
13-Apr-2023 23:08:52.991 INFO [main] org.apache.catalina.startup.VersionLoggerListener.log Command line argument: -Dorg.apache.catalina.security.SecurityListener.UMASK=0027
13-Apr-2023 23:08:52.991 INFO [main] org.apache.catalina.startup.VersionLoggerListener.log Command line argument: --add-opens=java.base/java.lang=ALL-UNNAMED
13-Apr-2023 23:08:52.991 INFO [main] org.apache.catalina.startup.VersionLoggerListener.log Command line argument: --add-opens=java.base/java.io=ALL-UNNAMED
13-Apr-2023 23:08:52.991 INFO [main] org.apache.catalina.startup.VersionLoggerListener.log Command line argument: --add-opens=java.base/java.util=ALL-UNNAMED
13-Apr-2023 23:08:52.991 INFO [main] org.apache.catalina.startup.VersionLoggerListener.log Command line argument: --add-opens=java.base/java.util.concurrent=ALL-UNNAMED
13-Apr-2023 23:08:52.992 INFO [main] org.apache.catalina.startup.VersionLoggerListener.log Command line argument: --add-opens=java.rmi/sun.rmi.transport=ALL-UNNAMED
13-Apr-2023 23:08:52.992 INFO [main] org.apache.catalina.startup.VersionLoggerListener.log Command line argument: -Dcatalina.base=/Users/macintosh/Desktop/Y2s2/IM2073/SQUIRREL/app/tomcat
13-Apr-2023 23:08:52.992 INFO [main] org.apache.catalina.startup.VersionLoggerListener.log Command line argument: -Dcatalina.home=/Users/macintosh/Desktop/Y2s2/IM2073/SQUIRREL/app/tomcat
13-Apr-2023 23:08:52.992 INFO [main] org.apache.catalina.startup.VersionLoggerListener.log Command line argument: -Djava.io.tmpdir=/Users/macintosh/Desktop/Y2s2/IM2073/SQUIRREL/app/tomcat/temp
13-Apr-2023 23:08:53.004 INFO [main] org.apache.catalina.core.AprLifecycleListener.lifecycleEvent The Apache Tomcat Native library which allows using OpenSSL was not found on the java.library.path: [/Users/macintosh/Library/Java/Extensions:/Library/Java/Extensions:/Network/Library/Java/Extensions:/System/Library/Java/Extensions:/usr/lib/java:.]
13-Apr-2023 23:08:53.316 INFO [main] org.apache.coyote.AbstractProtocol.init Initializing ProtocolHandler ["http-nio-9999"]
13-Apr-2023 23:08:53.345 INFO [main] org.apache.catalina.startup.Catalina.load Server initialization in [547] milliseconds
13-Apr-2023 23:08:53.389 INFO [main] org.apache.catalina.core.StandardService.startInternal Starting service [Catalina]
13-Apr-2023 23:08:53.389 INFO [main] org.apache.catalina.core.StandardEngine.startInternal Starting Servlet engine: [Apache Tomcat/10.1.7]
13-Apr-2023 23:08:53.396 INFO [main] org.apache.catalina.startup.HostConfig.deployDirectory Deploying web application directory [/Users/macintosh/Desktop/Y2S2/IM2073/SQUIRREL/app/tomcat/webapps/test]
13-Apr-2023 23:08:53.992 INFO [main] org.apache.jasper.servlet.TldScanner.scanJars At least one JAR was scanned for TLDs yet contained no TLDs. Enable debug logging for this logger for a complete list of JARs that were scanned but no TLDs were found in them. Skipping unneeded JARs during scanning can improve startup time and JSP compilation time.
13-Apr-2023 23:08:54.026 INFO [main] org.apache.catalina.startup.HostConfig.deployDirectory Deployment of web application directory [/Users/macintosh/Desktop/Y2S2/IM2073/SQUIRREL/app/tomcat/webapps/test] has finished in [630] ms
13-Apr-2023 23:08:54.027 INFO [main] org.apache.catalina.startup.HostConfig.deployDirectory Deploying web application directory [/Users/macintosh/Desktop/Y2S2/IM2073/SQUIRREL/app/tomcat/webapps/docs]
13-Apr-2023 23:08:54.356 INFO [main] org.apache.jasper.servlet.TldScanner.scanJars At least one JAR was scanned for TLDs yet contained no TLDs. Enable debug logging for this logger for a complete list of JARs that were scanned but no TLDs were found in them. Skipping unneeded JARs during scanning can improve startup time and JSP compilation time.
13-Apr-2023 23:08:54.358 INFO [main] org.apache.catalina.startup.HostConfig.deployDirectory Deployment of web application directory [/Users/macintosh/Desktop/Y2S2/IM2073/SQUIRREL/app/tomcat/webapps/docs] has finished in [331] ms
13-Apr-2023 23:08:54.358 INFO [main] org.apache.catalina.startup.HostConfig.deployDirectory Deploying web application directory [/Users/macintosh/Desktop/Y2S2/IM2073/SQUIRREL/app/tomcat/webapps/manager]
13-Apr-2023 23:08:54.675 INFO [main] org.apache.jasper.servlet.TldScanner.scanJars At least one JAR was scanned for TLDs yet contained no TLDs. Enable debug logging for this logger for a complete list of JARs that were scanned but no TLDs were found in them. Skipping unneeded JARs during scanning can improve startup time and JSP compilation time.
13-Apr-2023 23:08:54.681 INFO [main] org.apache.catalina.startup.HostConfig.deployDirectory Deployment of web application directory [/Users/macintosh/Desktop/Y2S2/IM2073/SQUIRREL/app/tomcat/webapps/manager] has finished in [323] ms
13-Apr-2023 23:08:54.682 INFO [main] org.apache.catalina.startup.HostConfig.deployDirectory Deploying web application directory [/Users/macintosh/Desktop/Y2S2/IM2073/SQUIRREL/app/tomcat/webapps/examples]
13-Apr-2023 23:08:55.180 INFO [main] org.apache.jasper.servlet.TldScanner.scanJars At least one JAR was scanned for TLDs yet contained no TLDs. Enable debug logging for this logger for a complete list of JARs that were scanned but no TLDs were found in them. Skipping unneeded JARs during scanning can improve startup time and JSP compilation time.
13-Apr-2023 23:08:55.202 INFO [main] org.apache.catalina.startup.HostConfig.deployDirectory Deployment of web application directory [/Users/macintosh/Desktop/Y2S2/IM2073/SQUIRREL/app/tomcat/webapps/examples] has finished in [521] ms
13-Apr-2023 23:08:55.202 INFO [main] org.apache.catalina.startup.HostConfig.deployDirectory Deploying web application directory [/Users/macintosh/Desktop/Y2S2/IM2073/SQUIRREL/app/tomcat/webapps/ROOT]
13-Apr-2023 23:08:55.527 INFO [main] org.apache.jasper.servlet.TldScanner.scanJars At least one JAR was scanned for TLDs yet contained no TLDs. Enable debug logging for this logger for a complete list of JARs that were scanned but no TLDs were found in them. Skipping unneeded JARs during scanning can improve startup time and JSP compilation time.
13-Apr-2023 23:08:55.528 INFO [main] org.apache.catalina.startup.HostConfig.deployDirectory Deployment of web application directory [/Users/macintosh/Desktop/Y2S2/IM2073/SQUIRREL/app/tomcat/webapps/ROOT] has finished in [326] ms
13-Apr-2023 23:08:55.528 INFO [main] org.apache.catalina.startup.HostConfig.deployDirectory Deploying web application directory [/Users/macintosh/Desktop/Y2S2/IM2073/SQUIRREL/app/tomcat/webapps/host-manager]
13-Apr-2023 23:08:55.837 INFO [main] org.apache.jasper.servlet.TldScanner.scanJars At least one JAR was scanned for TLDs yet contained no TLDs. Enable debug logging for this logger for a complete list of JARs that were scanned but no TLDs were found in them. Skipping unneeded JARs during scanning can improve startup time and JSP compilation time.
13-Apr-2023 23:08:55.839 INFO [main] org.apache.catalina.startup.HostConfig.deployDirectory Deployment of web application directory [/Users/macintosh/Desktop/Y2S2/IM2073/SQUIRREL/app/tomcat/webapps/host-manager] has finished in [311] ms
13-Apr-2023 23:08:55.840 INFO [main] org.apache.coyote.AbstractProtocol.start Starting ProtocolHandler ["http-nio-9999"]
13-Apr-2023 23:08:55.851 INFO [main] org.apache.catalina.startup.Catalina.start Server startup in [2505] milliseconds
13-Apr-2023 23:09:15.706 INFO [Thread-1] org.apache.coyote.AbstractProtocol.pause Pausing ProtocolHandler ["http-nio-9999"]
13-Apr-2023 23:09:15.709 INFO [Thread-1] org.apache.catalina.core.StandardService.stopInternal Stopping service [Catalina]
13-Apr-2023 23:09:15.736 INFO [Thread-1] org.apache.coyote.AbstractProtocol.stop Stopping ProtocolHandler ["http-nio-9999"]
13-Apr-2023 23:09:15.748 INFO [Thread-1] org.apache.coyote.AbstractProtocol.destroy Destroying ProtocolHandler ["http-nio-9999"]
13-Apr-2023 23:09:17.786 INFO [main] org.apache.catalina.startup.VersionLoggerListener.log Server version name:   Apache Tomcat/10.1.7
13-Apr-2023 23:09:17.790 INFO [main] org.apache.catalina.startup.VersionLoggerListener.log Server built:          Feb 27 2023 20:25:27 UTC
13-Apr-2023 23:09:17.790 INFO [main] org.apache.catalina.startup.VersionLoggerListener.log Server version number: 10.1.7.0
13-Apr-2023 23:09:17.790 INFO [main] org.apache.catalina.startup.VersionLoggerListener.log OS Name:               Mac OS X
13-Apr-2023 23:09:17.791 INFO [main] org.apache.catalina.startup.VersionLoggerListener.log OS Version:            13.2.1
13-Apr-2023 23:09:17.791 INFO [main] org.apache.catalina.startup.VersionLoggerListener.log Architecture:          x86_64
13-Apr-2023 23:09:17.791 INFO [main] org.apache.catalina.startup.VersionLoggerListener.log Java Home:             /Library/Java/JavaVirtualMachines/jdk-20.jdk/Contents/Home
13-Apr-2023 23:09:17.791 INFO [main] org.apache.catalina.startup.VersionLoggerListener.log JVM Version:           20+36-2344
13-Apr-2023 23:09:17.791 INFO [main] org.apache.catalina.startup.VersionLoggerListener.log JVM Vendor:            Oracle Corporation
13-Apr-2023 23:09:17.791 INFO [main] org.apache.catalina.startup.VersionLoggerListener.log CATALINA_BASE:         /Users/macintosh/Desktop/Y2S2/IM2073/SQUIRREL/app/tomcat
13-Apr-2023 23:09:17.791 INFO [main] org.apache.catalina.startup.VersionLoggerListener.log CATALINA_HOME:         /Users/macintosh/Desktop/Y2S2/IM2073/SQUIRREL/app/tomcat
13-Apr-2023 23:09:17.802 INFO [main] org.apache.catalina.startup.VersionLoggerListener.log Command line argument: -Djava.util.logging.config.file=/Users/macintosh/Desktop/Y2s2/IM2073/SQUIRREL/app/tomcat/conf/logging.properties
13-Apr-2023 23:09:17.802 INFO [main] org.apache.catalina.startup.VersionLoggerListener.log Command line argument: -Djava.util.logging.manager=org.apache.juli.ClassLoaderLogManager
13-Apr-2023 23:09:17.802 INFO [main] org.apache.catalina.startup.VersionLoggerListener.log Command line argument: -Djdk.tls.ephemeralDHKeySize=2048
13-Apr-2023 23:09:17.802 INFO [main] org.apache.catalina.startup.VersionLoggerListener.log Command line argument: -Djava.protocol.handler.pkgs=org.apache.catalina.webresources
13-Apr-2023 23:09:17.802 INFO [main] org.apache.catalina.startup.VersionLoggerListener.log Command line argument: -Dorg.apache.catalina.security.SecurityListener.UMASK=0027
13-Apr-2023 23:09:17.802 INFO [main] org.apache.catalina.startup.VersionLoggerListener.log Command line argument: --add-opens=java.base/java.lang=ALL-UNNAMED
13-Apr-2023 23:09:17.802 INFO [main] org.apache.catalina.startup.VersionLoggerListener.log Command line argument: --add-opens=java.base/java.io=ALL-UNNAMED
13-Apr-2023 23:09:17.802 INFO [main] org.apache.catalina.startup.VersionLoggerListener.log Command line argument: --add-opens=java.base/java.util=ALL-UNNAMED
13-Apr-2023 23:09:17.803 INFO [main] org.apache.catalina.startup.VersionLoggerListener.log Command line argument: --add-opens=java.base/java.util.concurrent=ALL-UNNAMED
13-Apr-2023 23:09:17.803 INFO [main] org.apache.catalina.startup.VersionLoggerListener.log Command line argument: --add-opens=java.rmi/sun.rmi.transport=ALL-UNNAMED
13-Apr-2023 23:09:17.803 INFO [main] org.apache.catalina.startup.VersionLoggerListener.log Command line argument: -Dcatalina.base=/Users/macintosh/Desktop/Y2s2/IM2073/SQUIRREL/app/tomcat
13-Apr-2023 23:09:17.803 INFO [main] org.apache.catalina.startup.VersionLoggerListener.log Command line argument: -Dcatalina.home=/Users/macintosh/Desktop/Y2s2/IM2073/SQUIRREL/app/tomcat
13-Apr-2023 23:09:17.803 INFO [main] org.apache.catalina.startup.VersionLoggerListener.log Command line argument: -Djava.io.tmpdir=/Users/macintosh/Desktop/Y2s2/IM2073/SQUIRREL/app/tomcat/temp
13-Apr-2023 23:09:17.815 INFO [main] org.apache.catalina.core.AprLifecycleListener.lifecycleEvent The Apache Tomcat Native library which allows using OpenSSL was not found on the java.library.path: [/Users/macintosh/Library/Java/Extensions:/Library/Java/Extensions:/Network/Library/Java/Extensions:/System/Library/Java/Extensions:/usr/lib/java:.]
13-Apr-2023 23:09:18.107 INFO [main] org.apache.coyote.AbstractProtocol.init Initializing ProtocolHandler ["http-nio-9999"]
13-Apr-2023 23:09:18.136 INFO [main] org.apache.catalina.startup.Catalina.load Server initialization in [520] milliseconds
13-Apr-2023 23:09:18.173 INFO [main] org.apache.catalina.core.StandardService.startInternal Starting service [Catalina]
13-Apr-2023 23:09:18.173 INFO [main] org.apache.catalina.core.StandardEngine.startInternal Starting Servlet engine: [Apache Tomcat/10.1.7]
13-Apr-2023 23:09:18.184 INFO [main] org.apache.catalina.startup.HostConfig.deployDirectory Deploying web application directory [/Users/macintosh/Desktop/Y2S2/IM2073/SQUIRREL/app/tomcat/webapps/test]
13-Apr-2023 23:09:18.792 INFO [main] org.apache.jasper.servlet.TldScanner.scanJars At least one JAR was scanned for TLDs yet contained no TLDs. Enable debug logging for this logger for a complete list of JARs that were scanned but no TLDs were found in them. Skipping unneeded JARs during scanning can improve startup time and JSP compilation time.
13-Apr-2023 23:09:18.820 INFO [main] org.apache.catalina.startup.HostConfig.deployDirectory Deployment of web application directory [/Users/macintosh/Desktop/Y2S2/IM2073/SQUIRREL/app/tomcat/webapps/test] has finished in [637] ms
13-Apr-2023 23:09:18.820 INFO [main] org.apache.catalina.startup.HostConfig.deployDirectory Deploying web application directory [/Users/macintosh/Desktop/Y2S2/IM2073/SQUIRREL/app/tomcat/webapps/docs]
13-Apr-2023 23:09:19.152 INFO [main] org.apache.jasper.servlet.TldScanner.scanJars At least one JAR was scanned for TLDs yet contained no TLDs. Enable debug logging for this logger for a complete list of JARs that were scanned but no TLDs were found in them. Skipping unneeded JARs during scanning can improve startup time and JSP compilation time.
13-Apr-2023 23:09:19.154 INFO [main] org.apache.catalina.startup.HostConfig.deployDirectory Deployment of web application directory [/Users/macintosh/Desktop/Y2S2/IM2073/SQUIRREL/app/tomcat/webapps/docs] has finished in [333] ms
13-Apr-2023 23:09:19.154 INFO [main] org.apache.catalina.startup.HostConfig.deployDirectory Deploying web application directory [/Users/macintosh/Desktop/Y2S2/IM2073/SQUIRREL/app/tomcat/webapps/manager]
13-Apr-2023 23:09:19.468 INFO [main] org.apache.jasper.servlet.TldScanner.scanJars At least one JAR was scanned for TLDs yet contained no TLDs. Enable debug logging for this logger for a complete list of JARs that were scanned but no TLDs were found in them. Skipping unneeded JARs during scanning can improve startup time and JSP compilation time.
13-Apr-2023 23:09:19.474 INFO [main] org.apache.catalina.startup.HostConfig.deployDirectory Deployment of web application directory [/Users/macintosh/Desktop/Y2S2/IM2073/SQUIRREL/app/tomcat/webapps/manager] has finished in [320] ms
13-Apr-2023 23:09:19.474 INFO [main] org.apache.catalina.startup.HostConfig.deployDirectory Deploying web application directory [/Users/macintosh/Desktop/Y2S2/IM2073/SQUIRREL/app/tomcat/webapps/examples]
13-Apr-2023 23:09:19.911 INFO [main] org.apache.jasper.servlet.TldScanner.scanJars At least one JAR was scanned for TLDs yet contained no TLDs. Enable debug logging for this logger for a complete list of JARs that were scanned but no TLDs were found in them. Skipping unneeded JARs during scanning can improve startup time and JSP compilation time.
13-Apr-2023 23:09:19.925 INFO [main] org.apache.catalina.startup.HostConfig.deployDirectory Deployment of web application directory [/Users/macintosh/Desktop/Y2S2/IM2073/SQUIRREL/app/tomcat/webapps/examples] has finished in [450] ms
13-Apr-2023 23:09:19.925 INFO [main] org.apache.catalina.startup.HostConfig.deployDirectory Deploying web application directory [/Users/macintosh/Desktop/Y2S2/IM2073/SQUIRREL/app/tomcat/webapps/ROOT]
13-Apr-2023 23:09:20.206 INFO [main] org.apache.jasper.servlet.TldScanner.scanJars At least one JAR was scanned for TLDs yet contained no TLDs. Enable debug logging for this logger for a complete list of JARs that were scanned but no TLDs were found in them. Skipping unneeded JARs during scanning can improve startup time and JSP compilation time.
13-Apr-2023 23:09:20.208 INFO [main] org.apache.catalina.startup.HostConfig.deployDirectory Deployment of web application directory [/Users/macintosh/Desktop/Y2S2/IM2073/SQUIRREL/app/tomcat/webapps/ROOT] has finished in [282] ms
13-Apr-2023 23:09:20.208 INFO [main] org.apache.catalina.startup.HostConfig.deployDirectory Deploying web application directory [/Users/macintosh/Desktop/Y2S2/IM2073/SQUIRREL/app/tomcat/webapps/host-manager]
13-Apr-2023 23:09:20.499 INFO [main] org.apache.jasper.servlet.TldScanner.scanJars At least one JAR was scanned for TLDs yet contained no TLDs. Enable debug logging for this logger for a complete list of JARs that were scanned but no TLDs were found in them. Skipping unneeded JARs during scanning can improve startup time and JSP compilation time.
13-Apr-2023 23:09:20.501 INFO [main] org.apache.catalina.startup.HostConfig.deployDirectory Deployment of web application directory [/Users/macintosh/Desktop/Y2S2/IM2073/SQUIRREL/app/tomcat/webapps/host-manager] has finished in [293] ms
13-Apr-2023 23:09:20.502 INFO [main] org.apache.coyote.AbstractProtocol.start Starting ProtocolHandler ["http-nio-9999"]
13-Apr-2023 23:09:20.514 INFO [main] org.apache.catalina.startup.Catalina.start Server startup in [2377] milliseconds
13-Apr-2023 23:16:32.812 INFO [Thread-1] org.apache.coyote.AbstractProtocol.pause Pausing ProtocolHandler ["http-nio-9999"]
13-Apr-2023 23:16:32.818 INFO [Thread-1] org.apache.catalina.core.StandardService.stopInternal Stopping service [Catalina]
13-Apr-2023 23:16:32.889 INFO [Thread-1] org.apache.coyote.AbstractProtocol.stop Stopping ProtocolHandler ["http-nio-9999"]
13-Apr-2023 23:16:32.903 INFO [Thread-1] org.apache.coyote.AbstractProtocol.destroy Destroying ProtocolHandler ["http-nio-9999"]
13-Apr-2023 23:16:34.917 INFO [main] org.apache.catalina.startup.VersionLoggerListener.log Server version name:   Apache Tomcat/10.1.7
13-Apr-2023 23:16:34.921 INFO [main] org.apache.catalina.startup.VersionLoggerListener.log Server built:          Feb 27 2023 20:25:27 UTC
13-Apr-2023 23:16:34.922 INFO [main] org.apache.catalina.startup.VersionLoggerListener.log Server version number: 10.1.7.0
13-Apr-2023 23:16:34.922 INFO [main] org.apache.catalina.startup.VersionLoggerListener.log OS Name:               Mac OS X
13-Apr-2023 23:16:34.922 INFO [main] org.apache.catalina.startup.VersionLoggerListener.log OS Version:            13.2.1
13-Apr-2023 23:16:34.922 INFO [main] org.apache.catalina.startup.VersionLoggerListener.log Architecture:          x86_64
13-Apr-2023 23:16:34.922 INFO [main] org.apache.catalina.startup.VersionLoggerListener.log Java Home:             /Library/Java/JavaVirtualMachines/jdk-20.jdk/Contents/Home
13-Apr-2023 23:16:34.922 INFO [main] org.apache.catalina.startup.VersionLoggerListener.log JVM Version:           20+36-2344
13-Apr-2023 23:16:34.922 INFO [main] org.apache.catalina.startup.VersionLoggerListener.log JVM Vendor:            Oracle Corporation
13-Apr-2023 23:16:34.923 INFO [main] org.apache.catalina.startup.VersionLoggerListener.log CATALINA_BASE:         /Users/macintosh/Desktop/Y2S2/IM2073/SQUIRREL/app/tomcat
13-Apr-2023 23:16:34.923 INFO [main] org.apache.catalina.startup.VersionLoggerListener.log CATALINA_HOME:         /Users/macintosh/Desktop/Y2S2/IM2073/SQUIRREL/app/tomcat
13-Apr-2023 23:16:34.935 INFO [main] org.apache.catalina.startup.VersionLoggerListener.log Command line argument: -Djava.util.logging.config.file=/Users/macintosh/Desktop/Y2s2/IM2073/SQUIRREL/app/tomcat/conf/logging.properties
13-Apr-2023 23:16:34.935 INFO [main] org.apache.catalina.startup.VersionLoggerListener.log Command line argument: -Djava.util.logging.manager=org.apache.juli.ClassLoaderLogManager
13-Apr-2023 23:16:34.935 INFO [main] org.apache.catalina.startup.VersionLoggerListener.log Command line argument: -Djdk.tls.ephemeralDHKeySize=2048
13-Apr-2023 23:16:34.935 INFO [main] org.apache.catalina.startup.VersionLoggerListener.log Command line argument: -Djava.protocol.handler.pkgs=org.apache.catalina.webresources
13-Apr-2023 23:16:34.936 INFO [main] org.apache.catalina.startup.VersionLoggerListener.log Command line argument: -Dorg.apache.catalina.security.SecurityListener.UMASK=0027
13-Apr-2023 23:16:34.936 INFO [main] org.apache.catalina.startup.VersionLoggerListener.log Command line argument: --add-opens=java.base/java.lang=ALL-UNNAMED
13-Apr-2023 23:16:34.936 INFO [main] org.apache.catalina.startup.VersionLoggerListener.log Command line argument: --add-opens=java.base/java.io=ALL-UNNAMED
13-Apr-2023 23:16:34.936 INFO [main] org.apache.catalina.startup.VersionLoggerListener.log Command line argument: --add-opens=java.base/java.util=ALL-UNNAMED
13-Apr-2023 23:16:34.936 INFO [main] org.apache.catalina.startup.VersionLoggerListener.log Command line argument: --add-opens=java.base/java.util.concurrent=ALL-UNNAMED
13-Apr-2023 23:16:34.936 INFO [main] org.apache.catalina.startup.VersionLoggerListener.log Command line argument: --add-opens=java.rmi/sun.rmi.transport=ALL-UNNAMED
13-Apr-2023 23:16:34.936 INFO [main] org.apache.catalina.startup.VersionLoggerListener.log Command line argument: -Dcatalina.base=/Users/macintosh/Desktop/Y2s2/IM2073/SQUIRREL/app/tomcat
13-Apr-2023 23:16:34.936 INFO [main] org.apache.catalina.startup.VersionLoggerListener.log Command line argument: -Dcatalina.home=/Users/macintosh/Desktop/Y2s2/IM2073/SQUIRREL/app/tomcat
13-Apr-2023 23:16:34.937 INFO [main] org.apache.catalina.startup.VersionLoggerListener.log Command line argument: -Djava.io.tmpdir=/Users/macintosh/Desktop/Y2s2/IM2073/SQUIRREL/app/tomcat/temp
13-Apr-2023 23:16:34.953 INFO [main] org.apache.catalina.core.AprLifecycleListener.lifecycleEvent The Apache Tomcat Native library which allows using OpenSSL was not found on the java.library.path: [/Users/macintosh/Library/Java/Extensions:/Library/Java/Extensions:/Network/Library/Java/Extensions:/System/Library/Java/Extensions:/usr/lib/java:.]
13-Apr-2023 23:16:35.249 INFO [main] org.apache.coyote.AbstractProtocol.init Initializing ProtocolHandler ["http-nio-9999"]
13-Apr-2023 23:16:35.277 INFO [main] org.apache.catalina.startup.Catalina.load Server initialization in [555] milliseconds
13-Apr-2023 23:16:35.323 INFO [main] org.apache.catalina.core.StandardService.startInternal Starting service [Catalina]
13-Apr-2023 23:16:35.324 INFO [main] org.apache.catalina.core.StandardEngine.startInternal Starting Servlet engine: [Apache Tomcat/10.1.7]
13-Apr-2023 23:16:35.335 INFO [main] org.apache.catalina.startup.HostConfig.deployDirectory Deploying web application directory [/Users/macintosh/Desktop/Y2S2/IM2073/SQUIRREL/app/tomcat/webapps/test]
13-Apr-2023 23:16:35.930 INFO [main] org.apache.jasper.servlet.TldScanner.scanJars At least one JAR was scanned for TLDs yet contained no TLDs. Enable debug logging for this logger for a complete list of JARs that were scanned but no TLDs were found in them. Skipping unneeded JARs during scanning can improve startup time and JSP compilation time.
13-Apr-2023 23:16:35.958 INFO [main] org.apache.catalina.startup.HostConfig.deployDirectory Deployment of web application directory [/Users/macintosh/Desktop/Y2S2/IM2073/SQUIRREL/app/tomcat/webapps/test] has finished in [623] ms
13-Apr-2023 23:16:35.958 INFO [main] org.apache.catalina.startup.HostConfig.deployDirectory Deploying web application directory [/Users/macintosh/Desktop/Y2S2/IM2073/SQUIRREL/app/tomcat/webapps/docs]
13-Apr-2023 23:16:36.293 INFO [main] org.apache.jasper.servlet.TldScanner.scanJars At least one JAR was scanned for TLDs yet contained no TLDs. Enable debug logging for this logger for a complete list of JARs that were scanned but no TLDs were found in them. Skipping unneeded JARs during scanning can improve startup time and JSP compilation time.
13-Apr-2023 23:16:36.295 INFO [main] org.apache.catalina.startup.HostConfig.deployDirectory Deployment of web application directory [/Users/macintosh/Desktop/Y2S2/IM2073/SQUIRREL/app/tomcat/webapps/docs] has finished in [337] ms
13-Apr-2023 23:16:36.295 INFO [main] org.apache.catalina.startup.HostConfig.deployDirectory Deploying web application directory [/Users/macintosh/Desktop/Y2S2/IM2073/SQUIRREL/app/tomcat/webapps/manager]
13-Apr-2023 23:16:36.606 INFO [main] org.apache.jasper.servlet.TldScanner.scanJars At least one JAR was scanned for TLDs yet contained no TLDs. Enable debug logging for this logger for a complete list of JARs that were scanned but no TLDs were found in them. Skipping unneeded JARs during scanning can improve startup time and JSP compilation time.
13-Apr-2023 23:16:36.614 INFO [main] org.apache.catalina.startup.HostConfig.deployDirectory Deployment of web application directory [/Users/macintosh/Desktop/Y2S2/IM2073/SQUIRREL/app/tomcat/webapps/manager] has finished in [319] ms
13-Apr-2023 23:16:36.614 INFO [main] org.apache.catalina.startup.HostConfig.deployDirectory Deploying web application directory [/Users/macintosh/Desktop/Y2S2/IM2073/SQUIRREL/app/tomcat/webapps/examples]
13-Apr-2023 23:16:37.065 INFO [main] org.apache.jasper.servlet.TldScanner.scanJars At least one JAR was scanned for TLDs yet contained no TLDs. Enable debug logging for this logger for a complete list of JARs that were scanned but no TLDs were found in them. Skipping unneeded JARs during scanning can improve startup time and JSP compilation time.
13-Apr-2023 23:16:37.081 INFO [main] org.apache.catalina.startup.HostConfig.deployDirectory Deployment of web application directory [/Users/macintosh/Desktop/Y2S2/IM2073/SQUIRREL/app/tomcat/webapps/examples] has finished in [467] ms
13-Apr-2023 23:16:37.082 INFO [main] org.apache.catalina.startup.HostConfig.deployDirectory Deploying web application directory [/Users/macintosh/Desktop/Y2S2/IM2073/SQUIRREL/app/tomcat/webapps/ROOT]
13-Apr-2023 23:16:37.369 INFO [main] org.apache.jasper.servlet.TldScanner.scanJars At least one JAR was scanned for TLDs yet contained no TLDs. Enable debug logging for this logger for a complete list of JARs that were scanned but no TLDs were found in them. Skipping unneeded JARs during scanning can improve startup time and JSP compilation time.
13-Apr-2023 23:16:37.371 INFO [main] org.apache.catalina.startup.HostConfig.deployDirectory Deployment of web application directory [/Users/macintosh/Desktop/Y2S2/IM2073/SQUIRREL/app/tomcat/webapps/ROOT] has finished in [290] ms
13-Apr-2023 23:16:37.371 INFO [main] org.apache.catalina.startup.HostConfig.deployDirectory Deploying web application directory [/Users/macintosh/Desktop/Y2S2/IM2073/SQUIRREL/app/tomcat/webapps/host-manager]
13-Apr-2023 23:16:37.681 INFO [main] org.apache.jasper.servlet.TldScanner.scanJars At least one JAR was scanned for TLDs yet contained no TLDs. Enable debug logging for this logger for a complete list of JARs that were scanned but no TLDs were found in them. Skipping unneeded JARs during scanning can improve startup time and JSP compilation time.
13-Apr-2023 23:16:37.683 INFO [main] org.apache.catalina.startup.HostConfig.deployDirectory Deployment of web application directory [/Users/macintosh/Desktop/Y2S2/IM2073/SQUIRREL/app/tomcat/webapps/host-manager] has finished in [312] ms
13-Apr-2023 23:16:37.685 INFO [main] org.apache.coyote.AbstractProtocol.start Starting ProtocolHandler ["http-nio-9999"]
13-Apr-2023 23:16:37.698 INFO [main] org.apache.catalina.startup.Catalina.start Server startup in [2420] milliseconds
