13-Apr-2023 17:33:12.043 INFO [main] org.apache.catalina.core.ApplicationContext.log ContextListener: contextInitialized()
13-Apr-2023 17:33:12.043 INFO [main] org.apache.catalina.core.ApplicationContext.log SessionListener: contextInitialized()
13-Apr-2023 17:33:12.044 INFO [main] org.apache.catalina.core.ApplicationContext.log ContextListener: attributeAdded('StockTicker', 'async.Stockticker@1dd0e7c4')
13-Apr-2023 17:42:03.811 INFO [Thread-1] org.apache.catalina.core.ApplicationContext.log SessionListener: contextDestroyed()
13-Apr-2023 17:42:03.811 INFO [Thread-1] org.apache.catalina.core.ApplicationContext.log ContextListener: contextDestroyed()
13-Apr-2023 17:42:07.207 INFO [main] org.apache.catalina.core.ApplicationContext.log ContextListener: contextInitialized()
13-Apr-2023 17:42:07.208 INFO [main] org.apache.catalina.core.ApplicationContext.log SessionListener: contextInitialized()
13-Apr-2023 17:42:07.209 INFO [main] org.apache.catalina.core.ApplicationContext.log ContextListener: attributeAdded('StockTicker', 'async.Stockticker@b968a76')
13-Apr-2023 22:45:31.495 INFO [Thread-1] org.apache.catalina.core.ApplicationContext.log SessionListener: contextDestroyed()
13-Apr-2023 22:45:31.495 INFO [Thread-1] org.apache.catalina.core.ApplicationContext.log ContextListener: contextDestroyed()
13-Apr-2023 22:45:43.786 INFO [main] org.apache.catalina.core.ApplicationContext.log ContextListener: contextInitialized()
13-Apr-2023 22:45:43.786 INFO [main] org.apache.catalina.core.ApplicationContext.log SessionListener: contextInitialized()
13-Apr-2023 22:45:43.787 INFO [main] org.apache.catalina.core.ApplicationContext.log ContextListener: attributeAdded('StockTicker', 'async.Stockticker@6f603e89')
13-Apr-2023 22:58:05.659 INFO [Thread-1] org.apache.catalina.core.ApplicationContext.log SessionListener: contextDestroyed()
13-Apr-2023 22:58:05.659 INFO [Thread-1] org.apache.catalina.core.ApplicationContext.log ContextListener: contextDestroyed()
13-Apr-2023 22:58:09.441 INFO [main] org.apache.catalina.core.ApplicationContext.log ContextListener: contextInitialized()
13-Apr-2023 22:58:09.442 INFO [main] org.apache.catalina.core.ApplicationContext.log SessionListener: contextInitialized()
13-Apr-2023 22:58:09.443 INFO [main] org.apache.catalina.core.ApplicationContext.log ContextListener: attributeAdded('StockTicker', 'async.Stockticker@72445aba')
13-Apr-2023 22:59:30.499 INFO [Thread-1] org.apache.catalina.core.ApplicationContext.log SessionListener: contextDestroyed()
13-Apr-2023 22:59:30.499 INFO [Thread-1] org.apache.catalina.core.ApplicationContext.log ContextListener: contextDestroyed()
13-Apr-2023 22:59:34.240 INFO [main] org.apache.catalina.core.ApplicationContext.log ContextListener: contextInitialized()
13-Apr-2023 22:59:34.241 INFO [main] org.apache.catalina.core.ApplicationContext.log SessionListener: contextInitialized()
13-Apr-2023 22:59:34.242 INFO [main] org.apache.catalina.core.ApplicationContext.log ContextListener: attributeAdded('StockTicker', 'async.Stockticker@42a9e5d1')
13-Apr-2023 23:08:03.633 INFO [Thread-1] org.apache.catalina.core.ApplicationContext.log SessionListener: contextDestroyed()
13-Apr-2023 23:08:03.633 INFO [Thread-1] org.apache.catalina.core.ApplicationContext.log ContextListener: contextDestroyed()
13-Apr-2023 23:08:08.344 INFO [main] org.apache.catalina.core.ApplicationContext.log ContextListener: contextInitialized()
13-Apr-2023 23:08:08.345 INFO [main] org.apache.catalina.core.ApplicationContext.log SessionListener: contextInitialized()
13-Apr-2023 23:08:08.346 INFO [main] org.apache.catalina.core.ApplicationContext.log ContextListener: attributeAdded('StockTicker', 'async.Stockticker@7adf16aa')
13-Apr-2023 23:08:50.273 INFO [Thread-1] org.apache.catalina.core.ApplicationContext.log SessionListener: contextDestroyed()
13-Apr-2023 23:08:50.273 INFO [Thread-1] org.apache.catalina.core.ApplicationContext.log ContextListener: contextDestroyed()
13-Apr-2023 23:08:55.193 INFO [main] org.apache.catalina.core.ApplicationContext.log ContextListener: contextInitialized()
13-Apr-2023 23:08:55.193 INFO [main] org.apache.catalina.core.ApplicationContext.log SessionListener: contextInitialized()
13-Apr-2023 23:08:55.195 INFO [main] org.apache.catalina.core.ApplicationContext.log ContextListener: attributeAdded('StockTicker', 'async.Stockticker@46f699d5')
13-Apr-2023 23:09:15.721 INFO [Thread-1] org.apache.catalina.core.ApplicationContext.log SessionListener: contextDestroyed()
13-Apr-2023 23:09:15.721 INFO [Thread-1] org.apache.catalina.core.ApplicationContext.log ContextListener: contextDestroyed()
13-Apr-2023 23:09:19.919 INFO [main] org.apache.catalina.core.ApplicationContext.log ContextListener: contextInitialized()
13-Apr-2023 23:09:19.919 INFO [main] org.apache.catalina.core.ApplicationContext.log SessionListener: contextInitialized()
13-Apr-2023 23:09:19.920 INFO [main] org.apache.catalina.core.ApplicationContext.log ContextListener: attributeAdded('StockTicker', 'async.Stockticker@46f699d5')
13-Apr-2023 23:16:32.867 INFO [Thread-1] org.apache.catalina.core.ApplicationContext.log SessionListener: contextDestroyed()
13-Apr-2023 23:16:32.868 INFO [Thread-1] org.apache.catalina.core.ApplicationContext.log ContextListener: contextDestroyed()
13-Apr-2023 23:16:37.074 INFO [main] org.apache.catalina.core.ApplicationContext.log ContextListener: contextInitialized()
13-Apr-2023 23:16:37.074 INFO [main] org.apache.catalina.core.ApplicationContext.log SessionListener: contextInitialized()
13-Apr-2023 23:16:37.075 INFO [main] org.apache.catalina.core.ApplicationContext.log ContextListener: attributeAdded('StockTicker', 'async.Stockticker@1c9f0a20')
13-Apr-2023 23:57:17.431 INFO [Thread-1] org.apache.catalina.core.ApplicationContext.log SessionListener: contextDestroyed()
13-Apr-2023 23:57:17.431 INFO [Thread-1] org.apache.catalina.core.ApplicationContext.log ContextListener: contextDestroyed()
13-Apr-2023 23:57:26.787 INFO [main] org.apache.catalina.core.ApplicationContext.log ContextListener: contextInitialized()
13-Apr-2023 23:57:26.788 INFO [main] org.apache.catalina.core.ApplicationContext.log SessionListener: contextInitialized()
13-Apr-2023 23:57:26.796 INFO [main] org.apache.catalina.core.ApplicationContext.log ContextListener: attributeAdded('StockTicker', 'async.Stockticker@29ef6856')
13-Apr-2023 23:59:24.276 INFO [Thread-1] org.apache.catalina.core.ApplicationContext.log SessionListener: contextDestroyed()
13-Apr-2023 23:59:24.276 INFO [Thread-1] org.apache.catalina.core.ApplicationContext.log ContextListener: contextDestroyed()
13-Apr-2023 23:59:31.693 INFO [main] org.apache.catalina.core.ApplicationContext.log ContextListener: contextInitialized()
13-Apr-2023 23:59:31.694 INFO [main] org.apache.catalina.core.ApplicationContext.log SessionListener: contextInitialized()
13-Apr-2023 23:59:31.696 INFO [main] org.apache.catalina.core.ApplicationContext.log ContextListener: attributeAdded('StockTicker', 'async.Stockticker@305f031')
